<?xml version="1.0" encoding="UTF-8"?>
<testsuite name="co.edu.unisabana.puntosUnisabana.integration.BeneficioControllerTest" tests="3" skipped="0" failures="0" errors="0" timestamp="2023-11-10T20:21:41" hostname="JUANGORU" time="1.497">
  <properties/>
  <testcase name="Cuando_busqueBeneficiosEstaVacio_Entonces_listaVacia()" classname="co.edu.unisabana.puntosUnisabana.integration.BeneficioControllerTest" time="1.074"/>
  <testcase name="Dado_2Beneficos_Cuando_busqueBeneficios_Entonces_listaBeneficios()" classname="co.edu.unisabana.puntosUnisabana.integration.BeneficioControllerTest" time="0.375"/>
  <testcase name="Cuando_agregue_Entonces_dtoExitoso()" classname="co.edu.unisabana.puntosUnisabana.integration.BeneficioControllerTest" time="0.044"/>
  <system-out><![CDATA[2023-11-10 15:21:36.698  INFO 21576 --- [    Test worker] .b.t.c.SpringBootTestContextBootstrapper : Neither @ContextConfiguration nor @ContextHierarchy found for test class [co.edu.unisabana.puntosUnisabana.integration.BeneficioControllerTest], using SpringBootContextLoader
2023-11-10 15:21:36.698  INFO 21576 --- [    Test worker] o.s.t.c.support.AbstractContextLoader    : Could not detect default resource locations for test class [co.edu.unisabana.puntosUnisabana.integration.BeneficioControllerTest]: no resource found for suffixes {-context.xml, Context.groovy}.
2023-11-10 15:21:36.698  INFO 21576 --- [    Test worker] t.c.s.AnnotationConfigContextLoaderUtils : Could not detect default configuration classes for test class [co.edu.unisabana.puntosUnisabana.integration.BeneficioControllerTest]: BeneficioControllerTest does not declare any static, non-private, non-final, nested classes annotated with @Configuration.
2023-11-10 15:21:36.729  INFO 21576 --- [    Test worker] .b.t.c.SpringBootTestContextBootstrapper : Found @SpringBootConfiguration co.edu.unisabana.puntosUnisabana.PuntosUnisabanaApplication for test class co.edu.unisabana.puntosUnisabana.integration.BeneficioControllerTest
2023-11-10 15:21:36.729  INFO 21576 --- [    Test worker] .b.t.c.SpringBootTestContextBootstrapper : Loaded default TestExecutionListener class names from location [META-INF/spring.factories]: [org.springframework.boot.test.autoconfigure.restdocs.RestDocsTestExecutionListener, org.springframework.boot.test.autoconfigure.web.client.MockRestServiceServerResetTestExecutionListener, org.springframework.boot.test.autoconfigure.web.servlet.MockMvcPrintOnlyOnFailureTestExecutionListener, org.springframework.boot.test.autoconfigure.web.servlet.WebDriverTestExecutionListener, org.springframework.boot.test.autoconfigure.webservices.client.MockWebServiceServerTestExecutionListener, org.springframework.boot.test.mock.mockito.MockitoTestExecutionListener, org.springframework.boot.test.mock.mockito.ResetMocksTestExecutionListener, org.springframework.test.context.web.ServletTestExecutionListener, org.springframework.test.context.support.DirtiesContextBeforeModesTestExecutionListener, org.springframework.test.context.event.ApplicationEventsTestExecutionListener, org.springframework.test.context.support.DependencyInjectionTestExecutionListener, org.springframework.test.context.support.DirtiesContextTestExecutionListener, org.springframework.test.context.transaction.TransactionalTestExecutionListener, org.springframework.test.context.jdbc.SqlScriptsTestExecutionListener, org.springframework.test.context.event.EventPublishingTestExecutionListener]
2023-11-10 15:21:36.729  INFO 21576 --- [    Test worker] .b.t.c.SpringBootTestContextBootstrapper : Using TestExecutionListeners: [org.springframework.test.context.web.ServletTestExecutionListener@559171b7, org.springframework.test.context.support.DirtiesContextBeforeModesTestExecutionListener@1bdbc878, org.springframework.test.context.event.ApplicationEventsTestExecutionListener@2b9c0a0e, org.springframework.boot.test.mock.mockito.MockitoTestExecutionListener@669bef81, org.springframework.boot.test.autoconfigure.SpringBootDependencyInjectionTestExecutionListener@3859262c, org.springframework.test.context.support.DirtiesContextTestExecutionListener@7d04b157, org.springframework.test.context.transaction.TransactionalTestExecutionListener@36031883, org.springframework.test.context.jdbc.SqlScriptsTestExecutionListener@fdd1e25, org.springframework.test.context.event.EventPublishingTestExecutionListener@7e4431b4, org.springframework.boot.test.autoconfigure.restdocs.RestDocsTestExecutionListener@2612a922, org.springframework.boot.test.autoconfigure.web.client.MockRestServiceServerResetTestExecutionListener@8fb6a63, org.springframework.boot.test.autoconfigure.web.servlet.MockMvcPrintOnlyOnFailureTestExecutionListener@6f30716f, org.springframework.boot.test.autoconfigure.web.servlet.WebDriverTestExecutionListener@302634ac, org.springframework.boot.test.autoconfigure.webservices.client.MockWebServiceServerTestExecutionListener@3ced033, org.springframework.boot.test.mock.mockito.ResetMocksTestExecutionListener@50b51a5b]

  .   ____          _            __ _ _
 /\\ / ___'_ __ _ _(_)_ __  __ _ \ \ \ \
( ( )\___ | '_ | '_| | '_ \/ _` | \ \ \ \
 \\/  ___)| |_)| | | | | || (_| |  ) ) ) )
  '  |____| .__|_| |_|_| |_\__, | / / / /
 =========|_|==============|___/=/_/_/_/
 :: Spring Boot ::               (v2.7.15)

2023-11-10 15:21:36.823  INFO 21576 --- [    Test worker] c.e.u.p.i.BeneficioControllerTest        : Starting BeneficioControllerTest using Java 17.0.9 on JuanGoRu with PID 21576 (started by Natho in C:\Users\Natho\Desktop\Soft2\puntosUnisabana)
2023-11-10 15:21:36.823  INFO 21576 --- [    Test worker] c.e.u.p.i.BeneficioControllerTest        : The following 1 profile is active: "test"
2023-11-10 15:21:37.287  INFO 21576 --- [    Test worker] .s.d.r.c.RepositoryConfigurationDelegate : Bootstrapping Spring Data JPA repositories in DEFAULT mode.
2023-11-10 15:21:37.333  INFO 21576 --- [    Test worker] .s.d.r.c.RepositoryConfigurationDelegate : Finished Spring Data repository scanning in 37 ms. Found 4 JPA repository interfaces.
2023-11-10 15:21:38.084  INFO 21576 --- [    Test worker] o.s.b.w.embedded.tomcat.TomcatWebServer  : Tomcat initialized with port(s): 0 (http)
2023-11-10 15:21:38.115  INFO 21576 --- [    Test worker] o.apache.catalina.core.StandardService   : Starting service [Tomcat]
2023-11-10 15:21:38.115  INFO 21576 --- [    Test worker] org.apache.catalina.core.StandardEngine  : Starting Servlet engine: [Apache Tomcat/9.0.79]
2023-11-10 15:21:38.365  INFO 21576 --- [    Test worker] o.a.c.c.C.[Tomcat].[localhost].[/]       : Initializing Spring embedded WebApplicationContext
2023-11-10 15:21:38.365  INFO 21576 --- [    Test worker] w.s.c.ServletWebServerApplicationContext : Root WebApplicationContext: initialization completed in 1542 ms
2023-11-10 15:21:38.794  INFO 21576 --- [    Test worker] o.hibernate.jpa.internal.util.LogHelper  : HHH000204: Processing PersistenceUnitInfo [name: default]
2023-11-10 15:21:38.810  INFO 21576 --- [    Test worker] com.zaxxer.hikari.HikariDataSource       : HikariPool-2 - Starting...
2023-11-10 15:21:38.810  INFO 21576 --- [    Test worker] com.zaxxer.hikari.HikariDataSource       : HikariPool-2 - Start completed.
2023-11-10 15:21:38.810  INFO 21576 --- [    Test worker] org.hibernate.dialect.Dialect            : HHH000400: Using dialect: org.hibernate.dialect.H2Dialect
2023-11-10 15:21:38.958  INFO 21576 --- [    Test worker] o.h.e.t.j.p.i.JtaPlatformInitiator       : HHH000490: Using JtaPlatform implementation: [org.hibernate.engine.transaction.jta.platform.internal.NoJtaPlatform]
2023-11-10 15:21:38.958  INFO 21576 --- [    Test worker] j.LocalContainerEntityManagerFactoryBean : Initialized JPA EntityManagerFactory for persistence unit 'default'
2023-11-10 15:21:39.400 DEBUG 21576 --- [    Test worker] edFilterInvocationSecurityMetadataSource : Adding web access control expression [permitAll] for any request
2023-11-10 15:21:39.416  INFO 21576 --- [    Test worker] o.s.s.web.DefaultSecurityFilterChain     : Will secure any request with [org.springframework.security.web.session.DisableEncodeUrlFilter@128c36c0, org.springframework.security.web.context.request.async.WebAsyncManagerIntegrationFilter@34b3127b, org.springframework.security.web.context.SecurityContextPersistenceFilter@1a00c980, org.springframework.security.web.header.HeaderWriterFilter@65dad7aa, org.springframework.security.web.authentication.logout.LogoutFilter@2ac90548, org.springframework.security.web.savedrequest.RequestCacheAwareFilter@2b7cdc47, org.springframework.security.web.servletapi.SecurityContextHolderAwareRequestFilter@18a83905, org.springframework.security.web.authentication.AnonymousAuthenticationFilter@457aadb9, org.springframework.security.web.session.SessionManagementFilter@bc4bb61, org.springframework.security.web.access.ExceptionTranslationFilter@c97ab4c, org.springframework.security.web.access.intercept.FilterSecurityInterceptor@26f71756]
2023-11-10 15:21:39.641  WARN 21576 --- [    Test worker] JpaBaseConfiguration$JpaWebConfiguration : spring.jpa.open-in-view is enabled by default. Therefore, database queries may be performed during view rendering. Explicitly configure spring.jpa.open-in-view to disable this warning
2023-11-10 15:21:41.478  INFO 21576 --- [    Test worker] o.s.b.w.embedded.tomcat.TomcatWebServer  : Tomcat started on port(s): 58641 (http) with context path ''
2023-11-10 15:21:41.478  INFO 21576 --- [    Test worker] c.e.u.p.i.BeneficioControllerTest        : Started BeneficioControllerTest in 4.747 seconds (JVM running for 25.508)
2023-11-10 15:21:41.743  INFO 21576 --- [o-auto-1-exec-2] o.a.c.c.C.[Tomcat].[localhost].[/]       : Initializing Spring DispatcherServlet 'dispatcherServlet'
2023-11-10 15:21:41.743  INFO 21576 --- [o-auto-1-exec-2] o.s.web.servlet.DispatcherServlet        : Initializing Servlet 'dispatcherServlet'
2023-11-10 15:21:41.743  INFO 21576 --- [o-auto-1-exec-2] o.s.web.servlet.DispatcherServlet        : Completed initialization in 0 ms
2023-11-10 15:21:41.790 DEBUG 21576 --- [o-auto-1-exec-2] o.s.security.web.FilterChainProxy        : Securing GET /beneficios
2023-11-10 15:21:41.790 DEBUG 21576 --- [o-auto-1-exec-2] s.s.w.c.SecurityContextPersistenceFilter : Set SecurityContextHolder to empty SecurityContext
2023-11-10 15:21:41.806 DEBUG 21576 --- [o-auto-1-exec-2] o.s.s.w.a.AnonymousAuthenticationFilter  : Set SecurityContextHolder to anonymous SecurityContext
2023-11-10 15:21:41.806 DEBUG 21576 --- [o-auto-1-exec-2] o.s.s.w.a.i.FilterSecurityInterceptor    : Authorized filter invocation [GET /beneficios] with attributes [permitAll]
2023-11-10 15:21:41.806 DEBUG 21576 --- [o-auto-1-exec-2] o.s.security.web.FilterChainProxy        : Secured GET /beneficios
2023-11-10 15:21:42.399 DEBUG 21576 --- [o-auto-1-exec-2] w.c.HttpSessionSecurityContextRepository : Did not store anonymous SecurityContext
2023-11-10 15:21:42.399 DEBUG 21576 --- [o-auto-1-exec-2] w.c.HttpSessionSecurityContextRepository : Did not store anonymous SecurityContext
2023-11-10 15:21:42.399 DEBUG 21576 --- [o-auto-1-exec-2] s.s.w.c.SecurityContextPersistenceFilter : Cleared SecurityContextHolder to complete request
2023-11-10 15:21:42.617 DEBUG 21576 --- [o-auto-1-exec-1] o.s.security.web.FilterChainProxy        : Securing POST /beneficio/agregar
2023-11-10 15:21:42.617 DEBUG 21576 --- [o-auto-1-exec-1] s.s.w.c.SecurityContextPersistenceFilter : Set SecurityContextHolder to empty SecurityContext
2023-11-10 15:21:42.617 DEBUG 21576 --- [o-auto-1-exec-1] o.s.s.w.a.AnonymousAuthenticationFilter  : Set SecurityContextHolder to anonymous SecurityContext
2023-11-10 15:21:42.617 DEBUG 21576 --- [o-auto-1-exec-1] o.s.s.w.a.i.FilterSecurityInterceptor    : Authorized filter invocation [POST /beneficio/agregar] with attributes [permitAll]
2023-11-10 15:21:42.617 DEBUG 21576 --- [o-auto-1-exec-1] o.s.security.web.FilterChainProxy        : Secured POST /beneficio/agregar
2023-11-10 15:21:42.851 DEBUG 21576 --- [o-auto-1-exec-1] w.c.HttpSessionSecurityContextRepository : Did not store anonymous SecurityContext
2023-11-10 15:21:42.851 DEBUG 21576 --- [o-auto-1-exec-1] w.c.HttpSessionSecurityContextRepository : Did not store anonymous SecurityContext
2023-11-10 15:21:42.851 DEBUG 21576 --- [o-auto-1-exec-1] s.s.w.c.SecurityContextPersistenceFilter : Cleared SecurityContextHolder to complete request
2023-11-10 15:21:42.866 DEBUG 21576 --- [o-auto-1-exec-6] o.s.security.web.FilterChainProxy        : Securing POST /beneficio/agregar
2023-11-10 15:21:42.866 DEBUG 21576 --- [o-auto-1-exec-6] s.s.w.c.SecurityContextPersistenceFilter : Set SecurityContextHolder to empty SecurityContext
2023-11-10 15:21:42.866 DEBUG 21576 --- [o-auto-1-exec-6] o.s.s.w.a.AnonymousAuthenticationFilter  : Set SecurityContextHolder to anonymous SecurityContext
2023-11-10 15:21:42.866 DEBUG 21576 --- [o-auto-1-exec-6] o.s.s.w.a.i.FilterSecurityInterceptor    : Authorized filter invocation [POST /beneficio/agregar] with attributes [permitAll]
2023-11-10 15:21:42.866 DEBUG 21576 --- [o-auto-1-exec-6] o.s.security.web.FilterChainProxy        : Secured POST /beneficio/agregar
2023-11-10 15:21:42.866 DEBUG 21576 --- [o-auto-1-exec-6] w.c.HttpSessionSecurityContextRepository : Did not store anonymous SecurityContext
2023-11-10 15:21:42.866 DEBUG 21576 --- [o-auto-1-exec-6] w.c.HttpSessionSecurityContextRepository : Did not store anonymous SecurityContext
2023-11-10 15:21:42.866 DEBUG 21576 --- [o-auto-1-exec-6] s.s.w.c.SecurityContextPersistenceFilter : Cleared SecurityContextHolder to complete request
2023-11-10 15:21:42.882 DEBUG 21576 --- [o-auto-1-exec-5] o.s.security.web.FilterChainProxy        : Securing GET /beneficios
2023-11-10 15:21:42.882 DEBUG 21576 --- [o-auto-1-exec-5] s.s.w.c.SecurityContextPersistenceFilter : Set SecurityContextHolder to empty SecurityContext
2023-11-10 15:21:42.882 DEBUG 21576 --- [o-auto-1-exec-5] o.s.s.w.a.AnonymousAuthenticationFilter  : Set SecurityContextHolder to anonymous SecurityContext
2023-11-10 15:21:42.882 DEBUG 21576 --- [o-auto-1-exec-5] o.s.s.w.a.i.FilterSecurityInterceptor    : Authorized filter invocation [GET /beneficios] with attributes [permitAll]
2023-11-10 15:21:42.882 DEBUG 21576 --- [o-auto-1-exec-5] o.s.security.web.FilterChainProxy        : Secured GET /beneficios
2023-11-10 15:21:42.929 DEBUG 21576 --- [o-auto-1-exec-5] w.c.HttpSessionSecurityContextRepository : Did not store anonymous SecurityContext
2023-11-10 15:21:42.929 DEBUG 21576 --- [o-auto-1-exec-5] w.c.HttpSessionSecurityContextRepository : Did not store anonymous SecurityContext
2023-11-10 15:21:42.929 DEBUG 21576 --- [o-auto-1-exec-5] s.s.w.c.SecurityContextPersistenceFilter : Cleared SecurityContextHolder to complete request
2023-11-10 15:21:42.976 DEBUG 21576 --- [o-auto-1-exec-9] o.s.security.web.FilterChainProxy        : Securing POST /beneficio/agregar
2023-11-10 15:21:42.976 DEBUG 21576 --- [o-auto-1-exec-9] s.s.w.c.SecurityContextPersistenceFilter : Set SecurityContextHolder to empty SecurityContext
2023-11-10 15:21:42.976 DEBUG 21576 --- [o-auto-1-exec-9] o.s.s.w.a.AnonymousAuthenticationFilter  : Set SecurityContextHolder to anonymous SecurityContext
2023-11-10 15:21:42.976 DEBUG 21576 --- [o-auto-1-exec-9] o.s.s.w.a.i.FilterSecurityInterceptor    : Authorized filter invocation [POST /beneficio/agregar] with attributes [permitAll]
2023-11-10 15:21:42.976 DEBUG 21576 --- [o-auto-1-exec-9] o.s.security.web.FilterChainProxy        : Secured POST /beneficio/agregar
2023-11-10 15:21:42.976 DEBUG 21576 --- [o-auto-1-exec-9] w.c.HttpSessionSecurityContextRepository : Did not store anonymous SecurityContext
2023-11-10 15:21:42.976 DEBUG 21576 --- [o-auto-1-exec-9] w.c.HttpSessionSecurityContextRepository : Did not store anonymous SecurityContext
2023-11-10 15:21:42.976 DEBUG 21576 --- [o-auto-1-exec-9] s.s.w.c.SecurityContextPersistenceFilter : Cleared SecurityContextHolder to complete request
]]></system-out>
  <system-err><![CDATA[]]></system-err>
</testsuite>
