<?xml version="1.0" encoding="UTF-8"?>
<testsuite name="co.edu.unisabana.puntosUnisabana.PuntosUnisabanaApplicationTests" tests="1" skipped="0" failures="0" errors="0" timestamp="2023-11-10T20:21:36" hostname="JUANGORU" time="0.615">
  <properties/>
  <testcase name="contextLoads()" classname="co.edu.unisabana.puntosUnisabana.PuntosUnisabanaApplicationTests" time="0.615"/>
  <system-out><![CDATA[15:21:18.936 [Test worker] DEBUG org.springframework.test.context.BootstrapUtils - Instantiating CacheAwareContextLoaderDelegate from class [org.springframework.test.context.cache.DefaultCacheAwareContextLoaderDelegate]
15:21:18.983 [Test worker] DEBUG org.springframework.test.context.BootstrapUtils - Instantiating BootstrapContext using constructor [public org.springframework.test.context.support.DefaultBootstrapContext(java.lang.Class,org.springframework.test.context.CacheAwareContextLoaderDelegate)]
15:21:19.123 [Test worker] DEBUG org.springframework.test.context.BootstrapUtils - Instantiating TestContextBootstrapper for test class [co.edu.unisabana.puntosUnisabana.PuntosUnisabanaApplicationTests] from class [org.springframework.boot.test.context.SpringBootTestContextBootstrapper]
15:21:19.154 [Test worker] INFO org.springframework.boot.test.context.SpringBootTestContextBootstrapper - Neither @ContextConfiguration nor @ContextHierarchy found for test class [co.edu.unisabana.puntosUnisabana.PuntosUnisabanaApplicationTests], using SpringBootContextLoader
15:21:19.170 [Test worker] DEBUG org.springframework.test.context.support.AbstractContextLoader - Did not detect default resource location for test class [co.edu.unisabana.puntosUnisabana.PuntosUnisabanaApplicationTests]: class path resource [co/edu/unisabana/puntosUnisabana/PuntosUnisabanaApplicationTests-context.xml] does not exist
15:21:19.170 [Test worker] DEBUG org.springframework.test.context.support.AbstractContextLoader - Did not detect default resource location for test class [co.edu.unisabana.puntosUnisabana.PuntosUnisabanaApplicationTests]: class path resource [co/edu/unisabana/puntosUnisabana/PuntosUnisabanaApplicationTestsContext.groovy] does not exist
15:21:19.170 [Test worker] INFO org.springframework.test.context.support.AbstractContextLoader - Could not detect default resource locations for test class [co.edu.unisabana.puntosUnisabana.PuntosUnisabanaApplicationTests]: no resource found for suffixes {-context.xml, Context.groovy}.
15:21:19.170 [Test worker] INFO org.springframework.test.context.support.AnnotationConfigContextLoaderUtils - Could not detect default configuration classes for test class [co.edu.unisabana.puntosUnisabana.PuntosUnisabanaApplicationTests]: PuntosUnisabanaApplicationTests does not declare any static, non-private, non-final, nested classes annotated with @Configuration.
15:21:19.567 [Test worker] DEBUG org.springframework.context.annotation.ClassPathScanningCandidateComponentProvider - Identified candidate component class: file [C:\Users\Natho\Desktop\Soft2\puntosUnisabana\build\classes\java\main\co\edu\unisabana\puntosUnisabana\PuntosUnisabanaApplication.class]
15:21:19.567 [Test worker] INFO org.springframework.boot.test.context.SpringBootTestContextBootstrapper - Found @SpringBootConfiguration co.edu.unisabana.puntosUnisabana.PuntosUnisabanaApplication for test class co.edu.unisabana.puntosUnisabana.PuntosUnisabanaApplicationTests
15:21:19.908 [Test worker] DEBUG org.springframework.boot.test.context.SpringBootTestContextBootstrapper - @TestExecutionListeners is not present for class [co.edu.unisabana.puntosUnisabana.PuntosUnisabanaApplicationTests]: using defaults.
15:21:19.908 [Test worker] INFO org.springframework.boot.test.context.SpringBootTestContextBootstrapper - Loaded default TestExecutionListener class names from location [META-INF/spring.factories]: [org.springframework.boot.test.autoconfigure.restdocs.RestDocsTestExecutionListener, org.springframework.boot.test.autoconfigure.web.client.MockRestServiceServerResetTestExecutionListener, org.springframework.boot.test.autoconfigure.web.servlet.MockMvcPrintOnlyOnFailureTestExecutionListener, org.springframework.boot.test.autoconfigure.web.servlet.WebDriverTestExecutionListener, org.springframework.boot.test.autoconfigure.webservices.client.MockWebServiceServerTestExecutionListener, org.springframework.boot.test.mock.mockito.MockitoTestExecutionListener, org.springframework.boot.test.mock.mockito.ResetMocksTestExecutionListener, org.springframework.test.context.web.ServletTestExecutionListener, org.springframework.test.context.support.DirtiesContextBeforeModesTestExecutionListener, org.springframework.test.context.event.ApplicationEventsTestExecutionListener, org.springframework.test.context.support.DependencyInjectionTestExecutionListener, org.springframework.test.context.support.DirtiesContextTestExecutionListener, org.springframework.test.context.transaction.TransactionalTestExecutionListener, org.springframework.test.context.jdbc.SqlScriptsTestExecutionListener, org.springframework.test.context.event.EventPublishingTestExecutionListener]
15:21:19.971 [Test worker] INFO org.springframework.boot.test.context.SpringBootTestContextBootstrapper - Using TestExecutionListeners: [org.springframework.test.context.web.ServletTestExecutionListener@4dc7cd1c, org.springframework.test.context.support.DirtiesContextBeforeModesTestExecutionListener@50ab56e2, org.springframework.test.context.event.ApplicationEventsTestExecutionListener@7b5b5bfe, org.springframework.boot.test.mock.mockito.MockitoTestExecutionListener@74834afd, org.springframework.boot.test.autoconfigure.SpringBootDependencyInjectionTestExecutionListener@75fd65c, org.springframework.test.context.support.DirtiesContextTestExecutionListener@d499c13, org.springframework.test.context.transaction.TransactionalTestExecutionListener@2ceca2ef, org.springframework.test.context.jdbc.SqlScriptsTestExecutionListener@42d6c12d, org.springframework.test.context.event.EventPublishingTestExecutionListener@3b42121d, org.springframework.boot.test.autoconfigure.restdocs.RestDocsTestExecutionListener@7a2ab862, org.springframework.boot.test.autoconfigure.web.client.MockRestServiceServerResetTestExecutionListener@33188612, org.springframework.boot.test.autoconfigure.web.servlet.MockMvcPrintOnlyOnFailureTestExecutionListener@4733f6f5, org.springframework.boot.test.autoconfigure.web.servlet.WebDriverTestExecutionListener@6ccac6f4, org.springframework.boot.test.autoconfigure.webservices.client.MockWebServiceServerTestExecutionListener@438c9aa7, org.springframework.boot.test.mock.mockito.ResetMocksTestExecutionListener@3453acd2]
15:21:19.987 [Test worker] DEBUG org.springframework.test.context.support.AbstractDirtiesContextTestExecutionListener - Before test class: context [DefaultTestContext@daf22f0 testClass = PuntosUnisabanaApplicationTests, testInstance = [null], testMethod = [null], testException = [null], mergedContextConfiguration = [WebMergedContextConfiguration@6cbbb9c4 testClass = PuntosUnisabanaApplicationTests, locations = '{}', classes = '{class co.edu.unisabana.puntosUnisabana.PuntosUnisabanaApplication}', contextInitializerClasses = '[]', activeProfiles = '{test}', propertySourceLocations = '{}', propertySourceProperties = '{org.springframework.boot.test.context.SpringBootTestContextBootstrapper=true}', contextCustomizers = set[org.springframework.boot.test.autoconfigure.actuate.metrics.MetricsExportContextCustomizerFactory$DisableMetricExportContextCustomizer@a518813, org.springframework.boot.test.autoconfigure.properties.PropertyMappingContextCustomizer@0, org.springframework.boot.test.autoconfigure.web.servlet.WebDriverContextCustomizerFactory$Customizer@7c8f9c2e, org.springframework.boot.test.context.filter.ExcludeFilterContextCustomizer@383864d5, org.springframework.boot.test.json.DuplicateJsonObjectContextCustomizerFactory$DuplicateJsonObjectContextCustomizer@7187bac9, org.springframework.boot.test.mock.mockito.MockitoContextCustomizer@0, org.springframework.boot.test.web.client.TestRestTemplateContextCustomizer@3cb8c8ce, org.springframework.boot.test.context.SpringBootTestArgs@1, org.springframework.boot.test.context.SpringBootTestWebEnvironment@486be205], resourceBasePath = 'src/main/webapp', contextLoader = 'org.springframework.boot.test.context.SpringBootContextLoader', parent = [null]], attributes = map['org.springframework.test.context.web.ServletTestExecutionListener.activateListener' -> true]], class annotated with @DirtiesContext [false] with mode [null].

  .   ____          _            __ _ _
 /\\ / ___'_ __ _ _(_)_ __  __ _ \ \ \ \
( ( )\___ | '_ | '_| | '_ \/ _` | \ \ \ \
 \\/  ___)| |_)| | | | | || (_| |  ) ) ) )
  '  |____| .__|_| |_|_| |_\__, | / / / /
 =========|_|==============|___/=/_/_/_/
 :: Spring Boot ::               (v2.7.15)

2023-11-10 15:21:20.971  INFO 21576 --- [    Test worker] c.e.u.p.PuntosUnisabanaApplicationTests  : Starting PuntosUnisabanaApplicationTests using Java 17.0.9 on JuanGoRu with PID 21576 (started by Natho in C:\Users\Natho\Desktop\Soft2\puntosUnisabana)
2023-11-10 15:21:20.987  INFO 21576 --- [    Test worker] c.e.u.p.PuntosUnisabanaApplicationTests  : The following 1 profile is active: "test"
2023-11-10 15:21:23.256  INFO 21576 --- [    Test worker] .s.d.r.c.RepositoryConfigurationDelegate : Bootstrapping Spring Data JPA repositories in DEFAULT mode.
2023-11-10 15:21:23.464  INFO 21576 --- [    Test worker] .s.d.r.c.RepositoryConfigurationDelegate : Finished Spring Data repository scanning in 163 ms. Found 4 JPA repository interfaces.
2023-11-10 15:21:25.205  INFO 21576 --- [    Test worker] o.hibernate.jpa.internal.util.LogHelper  : HHH000204: Processing PersistenceUnitInfo [name: default]
2023-11-10 15:21:25.408  INFO 21576 --- [    Test worker] org.hibernate.Version                    : HHH000412: Hibernate ORM core version 5.6.15.Final
2023-11-10 15:21:26.106  INFO 21576 --- [    Test worker] o.hibernate.annotations.common.Version   : HCANN000001: Hibernate Commons Annotations {5.1.2.Final}
2023-11-10 15:21:26.522  INFO 21576 --- [    Test worker] com.zaxxer.hikari.HikariDataSource       : HikariPool-1 - Starting...
2023-11-10 15:21:27.375  INFO 21576 --- [    Test worker] com.zaxxer.hikari.HikariDataSource       : HikariPool-1 - Start completed.
2023-11-10 15:21:27.437  INFO 21576 --- [    Test worker] org.hibernate.dialect.Dialect            : HHH000400: Using dialect: org.hibernate.dialect.H2Dialect
2023-11-10 15:21:29.630  INFO 21576 --- [    Test worker] o.h.e.t.j.p.i.JtaPlatformInitiator       : HHH000490: Using JtaPlatform implementation: [org.hibernate.engine.transaction.jta.platform.internal.NoJtaPlatform]
2023-11-10 15:21:29.646  INFO 21576 --- [    Test worker] j.LocalContainerEntityManagerFactoryBean : Initialized JPA EntityManagerFactory for persistence unit 'default'
2023-11-10 15:21:31.288 DEBUG 21576 --- [    Test worker] edFilterInvocationSecurityMetadataSource : Adding web access control expression [permitAll] for any request
2023-11-10 15:21:31.382  INFO 21576 --- [    Test worker] o.s.s.web.DefaultSecurityFilterChain     : Will secure any request with [org.springframework.security.web.session.DisableEncodeUrlFilter@5b20719, org.springframework.security.web.context.request.async.WebAsyncManagerIntegrationFilter@538f2df7, org.springframework.security.web.context.SecurityContextPersistenceFilter@1344ad64, org.springframework.security.web.header.HeaderWriterFilter@30f71b30, org.springframework.security.web.authentication.logout.LogoutFilter@41719f09, org.springframework.security.web.savedrequest.RequestCacheAwareFilter@74964a63, org.springframework.security.web.servletapi.SecurityContextHolderAwareRequestFilter@428ff618, org.springframework.security.web.authentication.AnonymousAuthenticationFilter@460d7e4a, org.springframework.security.web.session.SessionManagementFilter@27f904e6, org.springframework.security.web.access.ExceptionTranslationFilter@5fbd5e9e, org.springframework.security.web.access.intercept.FilterSecurityInterceptor@26d6399e]
2023-11-10 15:21:32.260  WARN 21576 --- [    Test worker] JpaBaseConfiguration$JpaWebConfiguration : spring.jpa.open-in-view is enabled by default. Therefore, database queries may be performed during view rendering. Explicitly configure spring.jpa.open-in-view to disable this warning
2023-11-10 15:21:35.964  INFO 21576 --- [    Test worker] c.e.u.p.PuntosUnisabanaApplicationTests  : Started PuntosUnisabanaApplicationTests in 15.858 seconds (JVM running for 20.002)
]]></system-out>
  <system-err><![CDATA[]]></system-err>
</testsuite>
