<?xml version="1.0" encoding="UTF-8"?>
<testsuite name="co.edu.unisabana.puntosUnisabana.integration.ClienteControllerTest" tests="11" skipped="0" failures="0" errors="0" timestamp="2023-11-10T20:21:43" hostname="JUANGORU" time="1.056">
  <properties/>
  <testcase name="Dado_cedulaClienteNoRegistradoPuntos_Cuando_compra_Entonces_dtoFallido()" classname="co.edu.unisabana.puntosUnisabana.integration.ClienteControllerTest" time="0.185"/>
  <testcase name="Dado_cedulaClienteExistenteyBeneficioExistente_Cuando_redime_Entonces_dtoExitoso()" classname="co.edu.unisabana.puntosUnisabana.integration.ClienteControllerTest" time="0.234"/>
  <testcase name="Dado_cedulaCliente_Cuando_clienteNoEstaAfiliado_Entonces_dtoExitoso()" classname="co.edu.unisabana.puntosUnisabana.integration.ClienteControllerTest" time="0.059"/>
  <testcase name="Dado_clienteDTO_Cuando_ExisteCLiente_Entonces_dtoFallido()" classname="co.edu.unisabana.puntosUnisabana.integration.ClienteControllerTest" time="0.042"/>
  <testcase name="Dado_cedulaClienteExistenteyBeneficioNoExistente_Cuando_redime_Entonces_dtoFallido()" classname="co.edu.unisabana.puntosUnisabana.integration.ClienteControllerTest" time="0.085"/>
  <testcase name="Dado_cedulaCliente_Cuando_clienteEstaAfiliado_Entonces_dtoFallido()" classname="co.edu.unisabana.puntosUnisabana.integration.ClienteControllerTest" time="0.071"/>
  <testcase name="Dado_cedulaClienteExistenteyBeneficioExistente_Cuando_redimePeroNoTieneSaldo_Entonces_dtoFallido()" classname="co.edu.unisabana.puntosUnisabana.integration.ClienteControllerTest" time="0.158"/>
  <testcase name="Dado_cedulaClienteNoExistenteyBeneficioExistente_Cuando_redime_Entonces_dtoFallido()" classname="co.edu.unisabana.puntosUnisabana.integration.ClienteControllerTest" time="0.055"/>
  <testcase name="Dado_cedulaCliente_Cuando_clienteExiste_Entonces_cliente()" classname="co.edu.unisabana.puntosUnisabana.integration.ClienteControllerTest" time="0.047"/>
  <testcase name="Dado_clienteDTO_Cuando_noExisteCLiente_Entonces_dtoExitoso()" classname="co.edu.unisabana.puntosUnisabana.integration.ClienteControllerTest" time="0.024"/>
  <testcase name="Dado_cedulaClienteRegistradoPuntos_Cuando_compra_Entonces_dtoExitoso()" classname="co.edu.unisabana.puntosUnisabana.integration.ClienteControllerTest" time="0.074"/>
  <system-out><![CDATA[2023-11-10 15:21:42.991  INFO 21576 --- [    Test worker] .b.t.c.SpringBootTestContextBootstrapper : Neither @ContextConfiguration nor @ContextHierarchy found for test class [co.edu.unisabana.puntosUnisabana.integration.ClienteControllerTest], using SpringBootContextLoader
2023-11-10 15:21:42.991  INFO 21576 --- [    Test worker] o.s.t.c.support.AbstractContextLoader    : Could not detect default resource locations for test class [co.edu.unisabana.puntosUnisabana.integration.ClienteControllerTest]: no resource found for suffixes {-context.xml, Context.groovy}.
2023-11-10 15:21:42.991  INFO 21576 --- [    Test worker] t.c.s.AnnotationConfigContextLoaderUtils : Could not detect default configuration classes for test class [co.edu.unisabana.puntosUnisabana.integration.ClienteControllerTest]: ClienteControllerTest does not declare any static, non-private, non-final, nested classes annotated with @Configuration.
2023-11-10 15:21:42.991  INFO 21576 --- [    Test worker] .b.t.c.SpringBootTestContextBootstrapper : Found @SpringBootConfiguration co.edu.unisabana.puntosUnisabana.PuntosUnisabanaApplication for test class co.edu.unisabana.puntosUnisabana.integration.ClienteControllerTest
2023-11-10 15:21:42.991  INFO 21576 --- [    Test worker] .b.t.c.SpringBootTestContextBootstrapper : Loaded default TestExecutionListener class names from location [META-INF/spring.factories]: [org.springframework.boot.test.autoconfigure.restdocs.RestDocsTestExecutionListener, org.springframework.boot.test.autoconfigure.web.client.MockRestServiceServerResetTestExecutionListener, org.springframework.boot.test.autoconfigure.web.servlet.MockMvcPrintOnlyOnFailureTestExecutionListener, org.springframework.boot.test.autoconfigure.web.servlet.WebDriverTestExecutionListener, org.springframework.boot.test.autoconfigure.webservices.client.MockWebServiceServerTestExecutionListener, org.springframework.boot.test.mock.mockito.MockitoTestExecutionListener, org.springframework.boot.test.mock.mockito.ResetMocksTestExecutionListener, org.springframework.test.context.web.ServletTestExecutionListener, org.springframework.test.context.support.DirtiesContextBeforeModesTestExecutionListener, org.springframework.test.context.event.ApplicationEventsTestExecutionListener, org.springframework.test.context.support.DependencyInjectionTestExecutionListener, org.springframework.test.context.support.DirtiesContextTestExecutionListener, org.springframework.test.context.transaction.TransactionalTestExecutionListener, org.springframework.test.context.jdbc.SqlScriptsTestExecutionListener, org.springframework.test.context.event.EventPublishingTestExecutionListener]
2023-11-10 15:21:42.991  INFO 21576 --- [    Test worker] .b.t.c.SpringBootTestContextBootstrapper : Using TestExecutionListeners: [org.springframework.test.context.web.ServletTestExecutionListener@4e9df89f, org.springframework.test.context.support.DirtiesContextBeforeModesTestExecutionListener@692c66de, org.springframework.test.context.event.ApplicationEventsTestExecutionListener@82712a0, org.springframework.boot.test.mock.mockito.MockitoTestExecutionListener@3fa13e52, org.springframework.boot.test.autoconfigure.SpringBootDependencyInjectionTestExecutionListener@1e597039, org.springframework.test.context.support.DirtiesContextTestExecutionListener@1449ffba, org.springframework.test.context.transaction.TransactionalTestExecutionListener@244b5d81, org.springframework.test.context.jdbc.SqlScriptsTestExecutionListener@12aeb4f4, org.springframework.test.context.event.EventPublishingTestExecutionListener@47a3d620, org.springframework.boot.test.autoconfigure.restdocs.RestDocsTestExecutionListener@1c4c5541, org.springframework.boot.test.autoconfigure.web.client.MockRestServiceServerResetTestExecutionListener@6215b41c, org.springframework.boot.test.autoconfigure.web.servlet.MockMvcPrintOnlyOnFailureTestExecutionListener@57ba5be, org.springframework.boot.test.autoconfigure.web.servlet.WebDriverTestExecutionListener@5cb061e7, org.springframework.boot.test.autoconfigure.webservices.client.MockWebServiceServerTestExecutionListener@22a8c16d, org.springframework.boot.test.mock.mockito.ResetMocksTestExecutionListener@6dd22470]
2023-11-10 15:21:43.022 DEBUG 21576 --- [o-auto-1-exec-4] o.s.security.web.FilterChainProxy        : Securing POST /cliente/agregar
2023-11-10 15:21:43.022 DEBUG 21576 --- [o-auto-1-exec-4] s.s.w.c.SecurityContextPersistenceFilter : Set SecurityContextHolder to empty SecurityContext
2023-11-10 15:21:43.022 DEBUG 21576 --- [o-auto-1-exec-4] o.s.s.w.a.AnonymousAuthenticationFilter  : Set SecurityContextHolder to anonymous SecurityContext
2023-11-10 15:21:43.022 DEBUG 21576 --- [o-auto-1-exec-4] o.s.s.w.a.i.FilterSecurityInterceptor    : Authorized filter invocation [POST /cliente/agregar] with attributes [permitAll]
2023-11-10 15:21:43.022 DEBUG 21576 --- [o-auto-1-exec-4] o.s.security.web.FilterChainProxy        : Secured POST /cliente/agregar
2023-11-10 15:21:43.132 DEBUG 21576 --- [o-auto-1-exec-4] w.c.HttpSessionSecurityContextRepository : Did not store anonymous SecurityContext
2023-11-10 15:21:43.132 DEBUG 21576 --- [o-auto-1-exec-4] w.c.HttpSessionSecurityContextRepository : Did not store anonymous SecurityContext
2023-11-10 15:21:43.132 DEBUG 21576 --- [o-auto-1-exec-4] s.s.w.c.SecurityContextPersistenceFilter : Cleared SecurityContextHolder to complete request
2023-11-10 15:21:43.147 DEBUG 21576 --- [o-auto-1-exec-3] o.s.security.web.FilterChainProxy        : Securing PUT /cliente/compra/puntos?cedulaCliente=123456&valorCompra=1000
2023-11-10 15:21:43.147 DEBUG 21576 --- [o-auto-1-exec-3] s.s.w.c.SecurityContextPersistenceFilter : Set SecurityContextHolder to empty SecurityContext
2023-11-10 15:21:43.147 DEBUG 21576 --- [o-auto-1-exec-3] o.s.s.w.a.AnonymousAuthenticationFilter  : Set SecurityContextHolder to anonymous SecurityContext
2023-11-10 15:21:43.147 DEBUG 21576 --- [o-auto-1-exec-3] o.s.s.w.a.i.FilterSecurityInterceptor    : Authorized filter invocation [PUT /cliente/compra/puntos?cedulaCliente=123456&valorCompra=1000] with attributes [permitAll]
2023-11-10 15:21:43.147 DEBUG 21576 --- [o-auto-1-exec-3] o.s.security.web.FilterChainProxy        : Secured PUT /cliente/compra/puntos?cedulaCliente=123456&valorCompra=1000
2023-11-10 15:21:43.179 DEBUG 21576 --- [o-auto-1-exec-3] w.c.HttpSessionSecurityContextRepository : Did not store anonymous SecurityContext
2023-11-10 15:21:43.179 DEBUG 21576 --- [o-auto-1-exec-3] w.c.HttpSessionSecurityContextRepository : Did not store anonymous SecurityContext
2023-11-10 15:21:43.179 DEBUG 21576 --- [o-auto-1-exec-3] s.s.w.c.SecurityContextPersistenceFilter : Cleared SecurityContextHolder to complete request
2023-11-10 15:21:43.210 DEBUG 21576 --- [o-auto-1-exec-7] o.s.security.web.FilterChainProxy        : Securing POST /cliente/agregar
2023-11-10 15:21:43.210 DEBUG 21576 --- [o-auto-1-exec-7] s.s.w.c.SecurityContextPersistenceFilter : Set SecurityContextHolder to empty SecurityContext
2023-11-10 15:21:43.210 DEBUG 21576 --- [o-auto-1-exec-7] o.s.s.w.a.AnonymousAuthenticationFilter  : Set SecurityContextHolder to anonymous SecurityContext
2023-11-10 15:21:43.210 DEBUG 21576 --- [o-auto-1-exec-7] o.s.s.w.a.i.FilterSecurityInterceptor    : Authorized filter invocation [POST /cliente/agregar] with attributes [permitAll]
2023-11-10 15:21:43.210 DEBUG 21576 --- [o-auto-1-exec-7] o.s.security.web.FilterChainProxy        : Secured POST /cliente/agregar
2023-11-10 15:21:43.210 DEBUG 21576 --- [o-auto-1-exec-7] w.c.HttpSessionSecurityContextRepository : Did not store anonymous SecurityContext
2023-11-10 15:21:43.210 DEBUG 21576 --- [o-auto-1-exec-7] w.c.HttpSessionSecurityContextRepository : Did not store anonymous SecurityContext
2023-11-10 15:21:43.226 DEBUG 21576 --- [o-auto-1-exec-7] s.s.w.c.SecurityContextPersistenceFilter : Cleared SecurityContextHolder to complete request
2023-11-10 15:21:43.241 DEBUG 21576 --- [o-auto-1-exec-8] o.s.security.web.FilterChainProxy        : Securing POST /cliente/afiliacion/12
2023-11-10 15:21:43.241 DEBUG 21576 --- [o-auto-1-exec-8] s.s.w.c.SecurityContextPersistenceFilter : Set SecurityContextHolder to empty SecurityContext
2023-11-10 15:21:43.241 DEBUG 21576 --- [o-auto-1-exec-8] o.s.s.w.a.AnonymousAuthenticationFilter  : Set SecurityContextHolder to anonymous SecurityContext
2023-11-10 15:21:43.241 DEBUG 21576 --- [o-auto-1-exec-8] o.s.s.w.a.i.FilterSecurityInterceptor    : Authorized filter invocation [POST /cliente/afiliacion/12] with attributes [permitAll]
2023-11-10 15:21:43.241 DEBUG 21576 --- [o-auto-1-exec-8] o.s.security.web.FilterChainProxy        : Secured POST /cliente/afiliacion/12
2023-11-10 15:21:43.257 DEBUG 21576 --- [o-auto-1-exec-8] w.c.HttpSessionSecurityContextRepository : Did not store anonymous SecurityContext
2023-11-10 15:21:43.272 DEBUG 21576 --- [o-auto-1-exec-8] w.c.HttpSessionSecurityContextRepository : Did not store anonymous SecurityContext
2023-11-10 15:21:43.272 DEBUG 21576 --- [o-auto-1-exec-8] s.s.w.c.SecurityContextPersistenceFilter : Cleared SecurityContextHolder to complete request
2023-11-10 15:21:43.272 DEBUG 21576 --- [-auto-1-exec-10] o.s.security.web.FilterChainProxy        : Securing PUT /cliente/compra/puntos?cedulaCliente=12&valorCompra=1000
2023-11-10 15:21:43.272 DEBUG 21576 --- [-auto-1-exec-10] s.s.w.c.SecurityContextPersistenceFilter : Set SecurityContextHolder to empty SecurityContext
2023-11-10 15:21:43.272 DEBUG 21576 --- [-auto-1-exec-10] o.s.s.w.a.AnonymousAuthenticationFilter  : Set SecurityContextHolder to anonymous SecurityContext
2023-11-10 15:21:43.272 DEBUG 21576 --- [-auto-1-exec-10] o.s.s.w.a.i.FilterSecurityInterceptor    : Authorized filter invocation [PUT /cliente/compra/puntos?cedulaCliente=12&valorCompra=1000] with attributes [permitAll]
2023-11-10 15:21:43.272 DEBUG 21576 --- [-auto-1-exec-10] o.s.security.web.FilterChainProxy        : Secured PUT /cliente/compra/puntos?cedulaCliente=12&valorCompra=1000
2023-11-10 15:21:43.288 DEBUG 21576 --- [-auto-1-exec-10] w.c.HttpSessionSecurityContextRepository : Did not store anonymous SecurityContext
2023-11-10 15:21:43.304 DEBUG 21576 --- [-auto-1-exec-10] w.c.HttpSessionSecurityContextRepository : Did not store anonymous SecurityContext
2023-11-10 15:21:43.304 DEBUG 21576 --- [-auto-1-exec-10] s.s.w.c.SecurityContextPersistenceFilter : Cleared SecurityContextHolder to complete request
2023-11-10 15:21:43.319 DEBUG 21576 --- [o-auto-1-exec-2] o.s.security.web.FilterChainProxy        : Securing POST /beneficio/agregar
2023-11-10 15:21:43.319 DEBUG 21576 --- [o-auto-1-exec-2] s.s.w.c.SecurityContextPersistenceFilter : Set SecurityContextHolder to empty SecurityContext
2023-11-10 15:21:43.319 DEBUG 21576 --- [o-auto-1-exec-2] o.s.s.w.a.AnonymousAuthenticationFilter  : Set SecurityContextHolder to anonymous SecurityContext
2023-11-10 15:21:43.319 DEBUG 21576 --- [o-auto-1-exec-2] o.s.s.w.a.i.FilterSecurityInterceptor    : Authorized filter invocation [POST /beneficio/agregar] with attributes [permitAll]
2023-11-10 15:21:43.319 DEBUG 21576 --- [o-auto-1-exec-2] o.s.security.web.FilterChainProxy        : Secured POST /beneficio/agregar
2023-11-10 15:21:43.319 DEBUG 21576 --- [o-auto-1-exec-2] w.c.HttpSessionSecurityContextRepository : Did not store anonymous SecurityContext
2023-11-10 15:21:43.319 DEBUG 21576 --- [o-auto-1-exec-2] w.c.HttpSessionSecurityContextRepository : Did not store anonymous SecurityContext
2023-11-10 15:21:43.319 DEBUG 21576 --- [o-auto-1-exec-2] s.s.w.c.SecurityContextPersistenceFilter : Cleared SecurityContextHolder to complete request
2023-11-10 15:21:43.335 DEBUG 21576 --- [o-auto-1-exec-1] o.s.security.web.FilterChainProxy        : Securing PUT /cliente/redimir?cedulaCliente=12&idBeneficio=1
2023-11-10 15:21:43.335 DEBUG 21576 --- [o-auto-1-exec-1] s.s.w.c.SecurityContextPersistenceFilter : Set SecurityContextHolder to empty SecurityContext
2023-11-10 15:21:43.335 DEBUG 21576 --- [o-auto-1-exec-1] o.s.s.w.a.AnonymousAuthenticationFilter  : Set SecurityContextHolder to anonymous SecurityContext
2023-11-10 15:21:43.335 DEBUG 21576 --- [o-auto-1-exec-1] o.s.s.w.a.i.FilterSecurityInterceptor    : Authorized filter invocation [PUT /cliente/redimir?cedulaCliente=12&idBeneficio=1] with attributes [permitAll]
2023-11-10 15:21:43.335 DEBUG 21576 --- [o-auto-1-exec-1] o.s.security.web.FilterChainProxy        : Secured PUT /cliente/redimir?cedulaCliente=12&idBeneficio=1
2023-11-10 15:21:43.413 DEBUG 21576 --- [o-auto-1-exec-1] w.c.HttpSessionSecurityContextRepository : Did not store anonymous SecurityContext
2023-11-10 15:21:43.429 DEBUG 21576 --- [o-auto-1-exec-1] w.c.HttpSessionSecurityContextRepository : Did not store anonymous SecurityContext
2023-11-10 15:21:43.429 DEBUG 21576 --- [o-auto-1-exec-1] s.s.w.c.SecurityContextPersistenceFilter : Cleared SecurityContextHolder to complete request
2023-11-10 15:21:43.444 DEBUG 21576 --- [o-auto-1-exec-6] o.s.security.web.FilterChainProxy        : Securing POST /cliente/agregar
2023-11-10 15:21:43.444 DEBUG 21576 --- [o-auto-1-exec-6] s.s.w.c.SecurityContextPersistenceFilter : Set SecurityContextHolder to empty SecurityContext
2023-11-10 15:21:43.444 DEBUG 21576 --- [o-auto-1-exec-6] o.s.s.w.a.AnonymousAuthenticationFilter  : Set SecurityContextHolder to anonymous SecurityContext
2023-11-10 15:21:43.444 DEBUG 21576 --- [o-auto-1-exec-6] o.s.s.w.a.i.FilterSecurityInterceptor    : Authorized filter invocation [POST /cliente/agregar] with attributes [permitAll]
2023-11-10 15:21:43.444 DEBUG 21576 --- [o-auto-1-exec-6] o.s.security.web.FilterChainProxy        : Secured POST /cliente/agregar
2023-11-10 15:21:43.444 DEBUG 21576 --- [o-auto-1-exec-6] w.c.HttpSessionSecurityContextRepository : Did not store anonymous SecurityContext
2023-11-10 15:21:43.444 DEBUG 21576 --- [o-auto-1-exec-6] w.c.HttpSessionSecurityContextRepository : Did not store anonymous SecurityContext
2023-11-10 15:21:43.444 DEBUG 21576 --- [o-auto-1-exec-6] s.s.w.c.SecurityContextPersistenceFilter : Cleared SecurityContextHolder to complete request
2023-11-10 15:21:43.476 DEBUG 21576 --- [o-auto-1-exec-5] o.s.security.web.FilterChainProxy        : Securing POST /cliente/afiliacion/1234
2023-11-10 15:21:43.476 DEBUG 21576 --- [o-auto-1-exec-5] s.s.w.c.SecurityContextPersistenceFilter : Set SecurityContextHolder to empty SecurityContext
2023-11-10 15:21:43.476 DEBUG 21576 --- [o-auto-1-exec-5] o.s.s.w.a.AnonymousAuthenticationFilter  : Set SecurityContextHolder to anonymous SecurityContext
2023-11-10 15:21:43.476 DEBUG 21576 --- [o-auto-1-exec-5] o.s.s.w.a.i.FilterSecurityInterceptor    : Authorized filter invocation [POST /cliente/afiliacion/1234] with attributes [permitAll]
2023-11-10 15:21:43.476 DEBUG 21576 --- [o-auto-1-exec-5] o.s.security.web.FilterChainProxy        : Secured POST /cliente/afiliacion/1234
2023-11-10 15:21:43.476 DEBUG 21576 --- [o-auto-1-exec-5] w.c.HttpSessionSecurityContextRepository : Did not store anonymous SecurityContext
2023-11-10 15:21:43.491 DEBUG 21576 --- [o-auto-1-exec-5] w.c.HttpSessionSecurityContextRepository : Did not store anonymous SecurityContext
2023-11-10 15:21:43.491 DEBUG 21576 --- [o-auto-1-exec-5] s.s.w.c.SecurityContextPersistenceFilter : Cleared SecurityContextHolder to complete request
2023-11-10 15:21:43.507 DEBUG 21576 --- [o-auto-1-exec-9] o.s.security.web.FilterChainProxy        : Securing POST /cliente/agregar
2023-11-10 15:21:43.507 DEBUG 21576 --- [o-auto-1-exec-9] s.s.w.c.SecurityContextPersistenceFilter : Set SecurityContextHolder to empty SecurityContext
2023-11-10 15:21:43.507 DEBUG 21576 --- [o-auto-1-exec-9] o.s.s.w.a.AnonymousAuthenticationFilter  : Set SecurityContextHolder to anonymous SecurityContext
2023-11-10 15:21:43.507 DEBUG 21576 --- [o-auto-1-exec-9] o.s.s.w.a.i.FilterSecurityInterceptor    : Authorized filter invocation [POST /cliente/agregar] with attributes [permitAll]
2023-11-10 15:21:43.507 DEBUG 21576 --- [o-auto-1-exec-9] o.s.security.web.FilterChainProxy        : Secured POST /cliente/agregar
2023-11-10 15:21:43.507 DEBUG 21576 --- [o-auto-1-exec-9] w.c.HttpSessionSecurityContextRepository : Did not store anonymous SecurityContext
2023-11-10 15:21:43.507 DEBUG 21576 --- [o-auto-1-exec-9] w.c.HttpSessionSecurityContextRepository : Did not store anonymous SecurityContext
2023-11-10 15:21:43.507 DEBUG 21576 --- [o-auto-1-exec-9] s.s.w.c.SecurityContextPersistenceFilter : Cleared SecurityContextHolder to complete request
2023-11-10 15:21:43.522 DEBUG 21576 --- [o-auto-1-exec-4] o.s.security.web.FilterChainProxy        : Securing POST /cliente/agregar
2023-11-10 15:21:43.522 DEBUG 21576 --- [o-auto-1-exec-4] s.s.w.c.SecurityContextPersistenceFilter : Set SecurityContextHolder to empty SecurityContext
2023-11-10 15:21:43.522 DEBUG 21576 --- [o-auto-1-exec-4] o.s.s.w.a.AnonymousAuthenticationFilter  : Set SecurityContextHolder to anonymous SecurityContext
2023-11-10 15:21:43.522 DEBUG 21576 --- [o-auto-1-exec-4] o.s.s.w.a.i.FilterSecurityInterceptor    : Authorized filter invocation [POST /cliente/agregar] with attributes [permitAll]
2023-11-10 15:21:43.522 DEBUG 21576 --- [o-auto-1-exec-4] o.s.security.web.FilterChainProxy        : Secured POST /cliente/agregar
2023-11-10 15:21:43.522 DEBUG 21576 --- [o-auto-1-exec-4] w.c.HttpSessionSecurityContextRepository : Did not store anonymous SecurityContext
2023-11-10 15:21:43.522 DEBUG 21576 --- [o-auto-1-exec-4] w.c.HttpSessionSecurityContextRepository : Did not store anonymous SecurityContext
2023-11-10 15:21:43.522 DEBUG 21576 --- [o-auto-1-exec-4] s.s.w.c.SecurityContextPersistenceFilter : Cleared SecurityContextHolder to complete request
2023-11-10 15:21:43.554 DEBUG 21576 --- [o-auto-1-exec-3] o.s.security.web.FilterChainProxy        : Securing POST /cliente/agregar
2023-11-10 15:21:43.554 DEBUG 21576 --- [o-auto-1-exec-3] s.s.w.c.SecurityContextPersistenceFilter : Set SecurityContextHolder to empty SecurityContext
2023-11-10 15:21:43.554 DEBUG 21576 --- [o-auto-1-exec-3] o.s.s.w.a.AnonymousAuthenticationFilter  : Set SecurityContextHolder to anonymous SecurityContext
2023-11-10 15:21:43.554 DEBUG 21576 --- [o-auto-1-exec-3] o.s.s.w.a.i.FilterSecurityInterceptor    : Authorized filter invocation [POST /cliente/agregar] with attributes [permitAll]
2023-11-10 15:21:43.554 DEBUG 21576 --- [o-auto-1-exec-3] o.s.security.web.FilterChainProxy        : Secured POST /cliente/agregar
2023-11-10 15:21:43.554 DEBUG 21576 --- [o-auto-1-exec-3] w.c.HttpSessionSecurityContextRepository : Did not store anonymous SecurityContext
2023-11-10 15:21:43.554 DEBUG 21576 --- [o-auto-1-exec-3] w.c.HttpSessionSecurityContextRepository : Did not store anonymous SecurityContext
2023-11-10 15:21:43.554 DEBUG 21576 --- [o-auto-1-exec-3] s.s.w.c.SecurityContextPersistenceFilter : Cleared SecurityContextHolder to complete request
2023-11-10 15:21:43.569 DEBUG 21576 --- [o-auto-1-exec-7] o.s.security.web.FilterChainProxy        : Securing POST /cliente/afiliacion/12
2023-11-10 15:21:43.569 DEBUG 21576 --- [o-auto-1-exec-7] s.s.w.c.SecurityContextPersistenceFilter : Set SecurityContextHolder to empty SecurityContext
2023-11-10 15:21:43.569 DEBUG 21576 --- [o-auto-1-exec-7] o.s.s.w.a.AnonymousAuthenticationFilter  : Set SecurityContextHolder to anonymous SecurityContext
2023-11-10 15:21:43.569 DEBUG 21576 --- [o-auto-1-exec-7] o.s.s.w.a.i.FilterSecurityInterceptor    : Authorized filter invocation [POST /cliente/afiliacion/12] with attributes [permitAll]
2023-11-10 15:21:43.569 DEBUG 21576 --- [o-auto-1-exec-7] o.s.security.web.FilterChainProxy        : Secured POST /cliente/afiliacion/12
2023-11-10 15:21:43.569 DEBUG 21576 --- [o-auto-1-exec-7] w.c.HttpSessionSecurityContextRepository : Did not store anonymous SecurityContext
2023-11-10 15:21:43.569 DEBUG 21576 --- [o-auto-1-exec-7] w.c.HttpSessionSecurityContextRepository : Did not store anonymous SecurityContext
2023-11-10 15:21:43.569 DEBUG 21576 --- [o-auto-1-exec-7] s.s.w.c.SecurityContextPersistenceFilter : Cleared SecurityContextHolder to complete request
2023-11-10 15:21:43.585 DEBUG 21576 --- [o-auto-1-exec-8] o.s.security.web.FilterChainProxy        : Securing PUT /cliente/compra/puntos?cedulaCliente=12&valorCompra=1000
2023-11-10 15:21:43.585 DEBUG 21576 --- [o-auto-1-exec-8] s.s.w.c.SecurityContextPersistenceFilter : Set SecurityContextHolder to empty SecurityContext
2023-11-10 15:21:43.585 DEBUG 21576 --- [o-auto-1-exec-8] o.s.s.w.a.AnonymousAuthenticationFilter  : Set SecurityContextHolder to anonymous SecurityContext
2023-11-10 15:21:43.585 DEBUG 21576 --- [o-auto-1-exec-8] o.s.s.w.a.i.FilterSecurityInterceptor    : Authorized filter invocation [PUT /cliente/compra/puntos?cedulaCliente=12&valorCompra=1000] with attributes [permitAll]
2023-11-10 15:21:43.585 DEBUG 21576 --- [o-auto-1-exec-8] o.s.security.web.FilterChainProxy        : Secured PUT /cliente/compra/puntos?cedulaCliente=12&valorCompra=1000
2023-11-10 15:21:43.601 DEBUG 21576 --- [o-auto-1-exec-8] w.c.HttpSessionSecurityContextRepository : Did not store anonymous SecurityContext
2023-11-10 15:21:43.601 DEBUG 21576 --- [o-auto-1-exec-8] w.c.HttpSessionSecurityContextRepository : Did not store anonymous SecurityContext
2023-11-10 15:21:43.601 DEBUG 21576 --- [o-auto-1-exec-8] s.s.w.c.SecurityContextPersistenceFilter : Cleared SecurityContextHolder to complete request
2023-11-10 15:21:43.601 DEBUG 21576 --- [-auto-1-exec-10] o.s.security.web.FilterChainProxy        : Securing PUT /cliente/redimir?cedulaCliente=12&idBeneficio=5
2023-11-10 15:21:43.601 DEBUG 21576 --- [-auto-1-exec-10] s.s.w.c.SecurityContextPersistenceFilter : Set SecurityContextHolder to empty SecurityContext
2023-11-10 15:21:43.601 DEBUG 21576 --- [-auto-1-exec-10] o.s.s.w.a.AnonymousAuthenticationFilter  : Set SecurityContextHolder to anonymous SecurityContext
2023-11-10 15:21:43.601 DEBUG 21576 --- [-auto-1-exec-10] o.s.s.w.a.i.FilterSecurityInterceptor    : Authorized filter invocation [PUT /cliente/redimir?cedulaCliente=12&idBeneficio=5] with attributes [permitAll]
2023-11-10 15:21:43.601 DEBUG 21576 --- [-auto-1-exec-10] o.s.security.web.FilterChainProxy        : Secured PUT /cliente/redimir?cedulaCliente=12&idBeneficio=5
2023-11-10 15:21:43.616 DEBUG 21576 --- [-auto-1-exec-10] w.c.HttpSessionSecurityContextRepository : Did not store anonymous SecurityContext
2023-11-10 15:21:43.616 DEBUG 21576 --- [-auto-1-exec-10] w.c.HttpSessionSecurityContextRepository : Did not store anonymous SecurityContext
2023-11-10 15:21:43.616 DEBUG 21576 --- [-auto-1-exec-10] s.s.w.c.SecurityContextPersistenceFilter : Cleared SecurityContextHolder to complete request
2023-11-10 15:21:43.647 DEBUG 21576 --- [o-auto-1-exec-2] o.s.security.web.FilterChainProxy        : Securing POST /cliente/agregar
2023-11-10 15:21:43.647 DEBUG 21576 --- [o-auto-1-exec-2] s.s.w.c.SecurityContextPersistenceFilter : Set SecurityContextHolder to empty SecurityContext
2023-11-10 15:21:43.647 DEBUG 21576 --- [o-auto-1-exec-2] o.s.s.w.a.AnonymousAuthenticationFilter  : Set SecurityContextHolder to anonymous SecurityContext
2023-11-10 15:21:43.647 DEBUG 21576 --- [o-auto-1-exec-2] o.s.s.w.a.i.FilterSecurityInterceptor    : Authorized filter invocation [POST /cliente/agregar] with attributes [permitAll]
2023-11-10 15:21:43.647 DEBUG 21576 --- [o-auto-1-exec-2] o.s.security.web.FilterChainProxy        : Secured POST /cliente/agregar
2023-11-10 15:21:43.647 DEBUG 21576 --- [o-auto-1-exec-2] w.c.HttpSessionSecurityContextRepository : Did not store anonymous SecurityContext
2023-11-10 15:21:43.647 DEBUG 21576 --- [o-auto-1-exec-2] w.c.HttpSessionSecurityContextRepository : Did not store anonymous SecurityContext
2023-11-10 15:21:43.647 DEBUG 21576 --- [o-auto-1-exec-2] s.s.w.c.SecurityContextPersistenceFilter : Cleared SecurityContextHolder to complete request
2023-11-10 15:21:43.663 DEBUG 21576 --- [o-auto-1-exec-1] o.s.security.web.FilterChainProxy        : Securing POST /cliente/afiliacion/1234
2023-11-10 15:21:43.663 DEBUG 21576 --- [o-auto-1-exec-1] s.s.w.c.SecurityContextPersistenceFilter : Set SecurityContextHolder to empty SecurityContext
2023-11-10 15:21:43.663 DEBUG 21576 --- [o-auto-1-exec-1] o.s.s.w.a.AnonymousAuthenticationFilter  : Set SecurityContextHolder to anonymous SecurityContext
2023-11-10 15:21:43.663 DEBUG 21576 --- [o-auto-1-exec-1] o.s.s.w.a.i.FilterSecurityInterceptor    : Authorized filter invocation [POST /cliente/afiliacion/1234] with attributes [permitAll]
2023-11-10 15:21:43.663 DEBUG 21576 --- [o-auto-1-exec-1] o.s.security.web.FilterChainProxy        : Secured POST /cliente/afiliacion/1234
2023-11-10 15:21:43.663 DEBUG 21576 --- [o-auto-1-exec-1] w.c.HttpSessionSecurityContextRepository : Did not store anonymous SecurityContext
2023-11-10 15:21:43.663 DEBUG 21576 --- [o-auto-1-exec-1] w.c.HttpSessionSecurityContextRepository : Did not store anonymous SecurityContext
2023-11-10 15:21:43.663 DEBUG 21576 --- [o-auto-1-exec-1] s.s.w.c.SecurityContextPersistenceFilter : Cleared SecurityContextHolder to complete request
2023-11-10 15:21:43.679 DEBUG 21576 --- [o-auto-1-exec-6] o.s.security.web.FilterChainProxy        : Securing POST /cliente/afiliacion/1234
2023-11-10 15:21:43.679 DEBUG 21576 --- [o-auto-1-exec-6] s.s.w.c.SecurityContextPersistenceFilter : Set SecurityContextHolder to empty SecurityContext
2023-11-10 15:21:43.679 DEBUG 21576 --- [o-auto-1-exec-6] o.s.s.w.a.AnonymousAuthenticationFilter  : Set SecurityContextHolder to anonymous SecurityContext
2023-11-10 15:21:43.679 DEBUG 21576 --- [o-auto-1-exec-6] o.s.s.w.a.i.FilterSecurityInterceptor    : Authorized filter invocation [POST /cliente/afiliacion/1234] with attributes [permitAll]
2023-11-10 15:21:43.679 DEBUG 21576 --- [o-auto-1-exec-6] o.s.security.web.FilterChainProxy        : Secured POST /cliente/afiliacion/1234
2023-11-10 15:21:43.679 DEBUG 21576 --- [o-auto-1-exec-6] w.c.HttpSessionSecurityContextRepository : Did not store anonymous SecurityContext
2023-11-10 15:21:43.694 DEBUG 21576 --- [o-auto-1-exec-6] w.c.HttpSessionSecurityContextRepository : Did not store anonymous SecurityContext
2023-11-10 15:21:43.694 DEBUG 21576 --- [o-auto-1-exec-6] s.s.w.c.SecurityContextPersistenceFilter : Cleared SecurityContextHolder to complete request
2023-11-10 15:21:43.710 DEBUG 21576 --- [o-auto-1-exec-5] o.s.security.web.FilterChainProxy        : Securing POST /cliente/agregar
2023-11-10 15:21:43.710 DEBUG 21576 --- [o-auto-1-exec-5] s.s.w.c.SecurityContextPersistenceFilter : Set SecurityContextHolder to empty SecurityContext
2023-11-10 15:21:43.710 DEBUG 21576 --- [o-auto-1-exec-5] o.s.s.w.a.AnonymousAuthenticationFilter  : Set SecurityContextHolder to anonymous SecurityContext
2023-11-10 15:21:43.710 DEBUG 21576 --- [o-auto-1-exec-5] o.s.s.w.a.i.FilterSecurityInterceptor    : Authorized filter invocation [POST /cliente/agregar] with attributes [permitAll]
2023-11-10 15:21:43.710 DEBUG 21576 --- [o-auto-1-exec-5] o.s.security.web.FilterChainProxy        : Secured POST /cliente/agregar
2023-11-10 15:21:43.710 DEBUG 21576 --- [o-auto-1-exec-5] w.c.HttpSessionSecurityContextRepository : Did not store anonymous SecurityContext
2023-11-10 15:21:43.726 DEBUG 21576 --- [o-auto-1-exec-5] w.c.HttpSessionSecurityContextRepository : Did not store anonymous SecurityContext
2023-11-10 15:21:43.726 DEBUG 21576 --- [o-auto-1-exec-5] s.s.w.c.SecurityContextPersistenceFilter : Cleared SecurityContextHolder to complete request
2023-11-10 15:21:43.741 DEBUG 21576 --- [o-auto-1-exec-9] o.s.security.web.FilterChainProxy        : Securing POST /cliente/afiliacion/1245
2023-11-10 15:21:43.741 DEBUG 21576 --- [o-auto-1-exec-9] s.s.w.c.SecurityContextPersistenceFilter : Set SecurityContextHolder to empty SecurityContext
2023-11-10 15:21:43.741 DEBUG 21576 --- [o-auto-1-exec-9] o.s.s.w.a.AnonymousAuthenticationFilter  : Set SecurityContextHolder to anonymous SecurityContext
2023-11-10 15:21:43.741 DEBUG 21576 --- [o-auto-1-exec-9] o.s.s.w.a.i.FilterSecurityInterceptor    : Authorized filter invocation [POST /cliente/afiliacion/1245] with attributes [permitAll]
2023-11-10 15:21:43.741 DEBUG 21576 --- [o-auto-1-exec-9] o.s.security.web.FilterChainProxy        : Secured POST /cliente/afiliacion/1245
2023-11-10 15:21:43.757 DEBUG 21576 --- [o-auto-1-exec-9] w.c.HttpSessionSecurityContextRepository : Did not store anonymous SecurityContext
2023-11-10 15:21:43.757 DEBUG 21576 --- [o-auto-1-exec-9] w.c.HttpSessionSecurityContextRepository : Did not store anonymous SecurityContext
2023-11-10 15:21:43.757 DEBUG 21576 --- [o-auto-1-exec-9] s.s.w.c.SecurityContextPersistenceFilter : Cleared SecurityContextHolder to complete request
2023-11-10 15:21:43.757 DEBUG 21576 --- [o-auto-1-exec-4] o.s.security.web.FilterChainProxy        : Securing PUT /cliente/compra/puntos?cedulaCliente=1245&valorCompra=1000
2023-11-10 15:21:43.757 DEBUG 21576 --- [o-auto-1-exec-4] s.s.w.c.SecurityContextPersistenceFilter : Set SecurityContextHolder to empty SecurityContext
2023-11-10 15:21:43.772 DEBUG 21576 --- [o-auto-1-exec-4] o.s.s.w.a.AnonymousAuthenticationFilter  : Set SecurityContextHolder to anonymous SecurityContext
2023-11-10 15:21:43.772 DEBUG 21576 --- [o-auto-1-exec-4] o.s.s.w.a.i.FilterSecurityInterceptor    : Authorized filter invocation [PUT /cliente/compra/puntos?cedulaCliente=1245&valorCompra=1000] with attributes [permitAll]
2023-11-10 15:21:43.772 DEBUG 21576 --- [o-auto-1-exec-4] o.s.security.web.FilterChainProxy        : Secured PUT /cliente/compra/puntos?cedulaCliente=1245&valorCompra=1000
2023-11-10 15:21:43.788 DEBUG 21576 --- [o-auto-1-exec-4] w.c.HttpSessionSecurityContextRepository : Did not store anonymous SecurityContext
2023-11-10 15:21:43.788 DEBUG 21576 --- [o-auto-1-exec-4] w.c.HttpSessionSecurityContextRepository : Did not store anonymous SecurityContext
2023-11-10 15:21:43.788 DEBUG 21576 --- [o-auto-1-exec-4] s.s.w.c.SecurityContextPersistenceFilter : Cleared SecurityContextHolder to complete request
2023-11-10 15:21:43.819 DEBUG 21576 --- [o-auto-1-exec-3] o.s.security.web.FilterChainProxy        : Securing POST /beneficio/agregar
2023-11-10 15:21:43.819 DEBUG 21576 --- [o-auto-1-exec-3] s.s.w.c.SecurityContextPersistenceFilter : Set SecurityContextHolder to empty SecurityContext
2023-11-10 15:21:43.819 DEBUG 21576 --- [o-auto-1-exec-3] o.s.s.w.a.AnonymousAuthenticationFilter  : Set SecurityContextHolder to anonymous SecurityContext
2023-11-10 15:21:43.819 DEBUG 21576 --- [o-auto-1-exec-3] o.s.s.w.a.i.FilterSecurityInterceptor    : Authorized filter invocation [POST /beneficio/agregar] with attributes [permitAll]
2023-11-10 15:21:43.819 DEBUG 21576 --- [o-auto-1-exec-3] o.s.security.web.FilterChainProxy        : Secured POST /beneficio/agregar
2023-11-10 15:21:43.819 DEBUG 21576 --- [o-auto-1-exec-3] w.c.HttpSessionSecurityContextRepository : Did not store anonymous SecurityContext
2023-11-10 15:21:43.819 DEBUG 21576 --- [o-auto-1-exec-3] w.c.HttpSessionSecurityContextRepository : Did not store anonymous SecurityContext
2023-11-10 15:21:43.819 DEBUG 21576 --- [o-auto-1-exec-3] s.s.w.c.SecurityContextPersistenceFilter : Cleared SecurityContextHolder to complete request
2023-11-10 15:21:43.819 DEBUG 21576 --- [o-auto-1-exec-7] o.s.security.web.FilterChainProxy        : Securing PUT /cliente/redimir?cedulaCliente=1245&idBeneficio=2
2023-11-10 15:21:43.819 DEBUG 21576 --- [o-auto-1-exec-7] s.s.w.c.SecurityContextPersistenceFilter : Set SecurityContextHolder to empty SecurityContext
2023-11-10 15:21:43.819 DEBUG 21576 --- [o-auto-1-exec-7] o.s.s.w.a.AnonymousAuthenticationFilter  : Set SecurityContextHolder to anonymous SecurityContext
2023-11-10 15:21:43.835 DEBUG 21576 --- [o-auto-1-exec-7] o.s.s.w.a.i.FilterSecurityInterceptor    : Authorized filter invocation [PUT /cliente/redimir?cedulaCliente=1245&idBeneficio=2] with attributes [permitAll]
2023-11-10 15:21:43.835 DEBUG 21576 --- [o-auto-1-exec-7] o.s.security.web.FilterChainProxy        : Secured PUT /cliente/redimir?cedulaCliente=1245&idBeneficio=2
2023-11-10 15:21:43.851 DEBUG 21576 --- [o-auto-1-exec-7] w.c.HttpSessionSecurityContextRepository : Did not store anonymous SecurityContext
2023-11-10 15:21:43.851 DEBUG 21576 --- [o-auto-1-exec-7] w.c.HttpSessionSecurityContextRepository : Did not store anonymous SecurityContext
2023-11-10 15:21:43.851 DEBUG 21576 --- [o-auto-1-exec-7] s.s.w.c.SecurityContextPersistenceFilter : Cleared SecurityContextHolder to complete request
2023-11-10 15:21:43.882 DEBUG 21576 --- [o-auto-1-exec-8] o.s.security.web.FilterChainProxy        : Securing POST /beneficio/agregar
2023-11-10 15:21:43.882 DEBUG 21576 --- [o-auto-1-exec-8] s.s.w.c.SecurityContextPersistenceFilter : Set SecurityContextHolder to empty SecurityContext
2023-11-10 15:21:43.882 DEBUG 21576 --- [o-auto-1-exec-8] o.s.s.w.a.AnonymousAuthenticationFilter  : Set SecurityContextHolder to anonymous SecurityContext
2023-11-10 15:21:43.882 DEBUG 21576 --- [o-auto-1-exec-8] o.s.s.w.a.i.FilterSecurityInterceptor    : Authorized filter invocation [POST /beneficio/agregar] with attributes [permitAll]
2023-11-10 15:21:43.882 DEBUG 21576 --- [o-auto-1-exec-8] o.s.security.web.FilterChainProxy        : Secured POST /beneficio/agregar
2023-11-10 15:21:43.882 DEBUG 21576 --- [o-auto-1-exec-8] w.c.HttpSessionSecurityContextRepository : Did not store anonymous SecurityContext
2023-11-10 15:21:43.882 DEBUG 21576 --- [o-auto-1-exec-8] w.c.HttpSessionSecurityContextRepository : Did not store anonymous SecurityContext
2023-11-10 15:21:43.882 DEBUG 21576 --- [o-auto-1-exec-8] s.s.w.c.SecurityContextPersistenceFilter : Cleared SecurityContextHolder to complete request
2023-11-10 15:21:43.897 DEBUG 21576 --- [-auto-1-exec-10] o.s.security.web.FilterChainProxy        : Securing PUT /cliente/redimir?cedulaCliente=1&idBeneficio=1
2023-11-10 15:21:43.897 DEBUG 21576 --- [-auto-1-exec-10] s.s.w.c.SecurityContextPersistenceFilter : Set SecurityContextHolder to empty SecurityContext
2023-11-10 15:21:43.897 DEBUG 21576 --- [-auto-1-exec-10] o.s.s.w.a.AnonymousAuthenticationFilter  : Set SecurityContextHolder to anonymous SecurityContext
2023-11-10 15:21:43.897 DEBUG 21576 --- [-auto-1-exec-10] o.s.s.w.a.i.FilterSecurityInterceptor    : Authorized filter invocation [PUT /cliente/redimir?cedulaCliente=1&idBeneficio=1] with attributes [permitAll]
2023-11-10 15:21:43.897 DEBUG 21576 --- [-auto-1-exec-10] o.s.security.web.FilterChainProxy        : Secured PUT /cliente/redimir?cedulaCliente=1&idBeneficio=1
2023-11-10 15:21:43.897 DEBUG 21576 --- [-auto-1-exec-10] w.c.HttpSessionSecurityContextRepository : Did not store anonymous SecurityContext
2023-11-10 15:21:43.913 DEBUG 21576 --- [-auto-1-exec-10] w.c.HttpSessionSecurityContextRepository : Did not store anonymous SecurityContext
2023-11-10 15:21:43.913 DEBUG 21576 --- [-auto-1-exec-10] s.s.w.c.SecurityContextPersistenceFilter : Cleared SecurityContextHolder to complete request
2023-11-10 15:21:43.929 DEBUG 21576 --- [o-auto-1-exec-2] o.s.security.web.FilterChainProxy        : Securing POST /cliente/agregar
2023-11-10 15:21:43.929 DEBUG 21576 --- [o-auto-1-exec-2] s.s.w.c.SecurityContextPersistenceFilter : Set SecurityContextHolder to empty SecurityContext
2023-11-10 15:21:43.929 DEBUG 21576 --- [o-auto-1-exec-2] o.s.s.w.a.AnonymousAuthenticationFilter  : Set SecurityContextHolder to anonymous SecurityContext
2023-11-10 15:21:43.929 DEBUG 21576 --- [o-auto-1-exec-2] o.s.s.w.a.i.FilterSecurityInterceptor    : Authorized filter invocation [POST /cliente/agregar] with attributes [permitAll]
2023-11-10 15:21:43.929 DEBUG 21576 --- [o-auto-1-exec-2] o.s.security.web.FilterChainProxy        : Secured POST /cliente/agregar
2023-11-10 15:21:43.929 DEBUG 21576 --- [o-auto-1-exec-2] w.c.HttpSessionSecurityContextRepository : Did not store anonymous SecurityContext
2023-11-10 15:21:43.929 DEBUG 21576 --- [o-auto-1-exec-2] w.c.HttpSessionSecurityContextRepository : Did not store anonymous SecurityContext
2023-11-10 15:21:43.929 DEBUG 21576 --- [o-auto-1-exec-2] s.s.w.c.SecurityContextPersistenceFilter : Cleared SecurityContextHolder to complete request
2023-11-10 15:21:43.944 DEBUG 21576 --- [o-auto-1-exec-1] o.s.security.web.FilterChainProxy        : Securing GET /cliente/1234
2023-11-10 15:21:43.944 DEBUG 21576 --- [o-auto-1-exec-1] s.s.w.c.SecurityContextPersistenceFilter : Set SecurityContextHolder to empty SecurityContext
2023-11-10 15:21:43.944 DEBUG 21576 --- [o-auto-1-exec-1] o.s.s.w.a.AnonymousAuthenticationFilter  : Set SecurityContextHolder to anonymous SecurityContext
2023-11-10 15:21:43.944 DEBUG 21576 --- [o-auto-1-exec-1] o.s.s.w.a.i.FilterSecurityInterceptor    : Authorized filter invocation [GET /cliente/1234] with attributes [permitAll]
2023-11-10 15:21:43.944 DEBUG 21576 --- [o-auto-1-exec-1] o.s.security.web.FilterChainProxy        : Secured GET /cliente/1234
2023-11-10 15:21:43.960 DEBUG 21576 --- [o-auto-1-exec-1] w.c.HttpSessionSecurityContextRepository : Did not store anonymous SecurityContext
2023-11-10 15:21:43.960 DEBUG 21576 --- [o-auto-1-exec-1] w.c.HttpSessionSecurityContextRepository : Did not store anonymous SecurityContext
2023-11-10 15:21:43.960 DEBUG 21576 --- [o-auto-1-exec-1] s.s.w.c.SecurityContextPersistenceFilter : Cleared SecurityContextHolder to complete request
2023-11-10 15:21:43.976 DEBUG 21576 --- [o-auto-1-exec-6] o.s.security.web.FilterChainProxy        : Securing POST /cliente/agregar
2023-11-10 15:21:43.976 DEBUG 21576 --- [o-auto-1-exec-6] s.s.w.c.SecurityContextPersistenceFilter : Set SecurityContextHolder to empty SecurityContext
2023-11-10 15:21:43.976 DEBUG 21576 --- [o-auto-1-exec-6] o.s.s.w.a.AnonymousAuthenticationFilter  : Set SecurityContextHolder to anonymous SecurityContext
2023-11-10 15:21:43.976 DEBUG 21576 --- [o-auto-1-exec-6] o.s.s.w.a.i.FilterSecurityInterceptor    : Authorized filter invocation [POST /cliente/agregar] with attributes [permitAll]
2023-11-10 15:21:43.976 DEBUG 21576 --- [o-auto-1-exec-6] o.s.security.web.FilterChainProxy        : Secured POST /cliente/agregar
2023-11-10 15:21:43.976 DEBUG 21576 --- [o-auto-1-exec-6] w.c.HttpSessionSecurityContextRepository : Did not store anonymous SecurityContext
2023-11-10 15:21:43.976 DEBUG 21576 --- [o-auto-1-exec-6] w.c.HttpSessionSecurityContextRepository : Did not store anonymous SecurityContext
2023-11-10 15:21:43.976 DEBUG 21576 --- [o-auto-1-exec-6] s.s.w.c.SecurityContextPersistenceFilter : Cleared SecurityContextHolder to complete request
2023-11-10 15:21:44.007 DEBUG 21576 --- [o-auto-1-exec-5] o.s.security.web.FilterChainProxy        : Securing POST /cliente/agregar
2023-11-10 15:21:44.007 DEBUG 21576 --- [o-auto-1-exec-5] s.s.w.c.SecurityContextPersistenceFilter : Set SecurityContextHolder to empty SecurityContext
2023-11-10 15:21:44.007 DEBUG 21576 --- [o-auto-1-exec-5] o.s.s.w.a.AnonymousAuthenticationFilter  : Set SecurityContextHolder to anonymous SecurityContext
2023-11-10 15:21:44.007 DEBUG 21576 --- [o-auto-1-exec-5] o.s.s.w.a.i.FilterSecurityInterceptor    : Authorized filter invocation [POST /cliente/agregar] with attributes [permitAll]
2023-11-10 15:21:44.007 DEBUG 21576 --- [o-auto-1-exec-5] o.s.security.web.FilterChainProxy        : Secured POST /cliente/agregar
2023-11-10 15:21:44.007 DEBUG 21576 --- [o-auto-1-exec-5] w.c.HttpSessionSecurityContextRepository : Did not store anonymous SecurityContext
2023-11-10 15:21:44.007 DEBUG 21576 --- [o-auto-1-exec-5] w.c.HttpSessionSecurityContextRepository : Did not store anonymous SecurityContext
2023-11-10 15:21:44.007 DEBUG 21576 --- [o-auto-1-exec-5] s.s.w.c.SecurityContextPersistenceFilter : Cleared SecurityContextHolder to complete request
2023-11-10 15:21:44.022 DEBUG 21576 --- [o-auto-1-exec-9] o.s.security.web.FilterChainProxy        : Securing POST /cliente/afiliacion/1234
2023-11-10 15:21:44.022 DEBUG 21576 --- [o-auto-1-exec-9] s.s.w.c.SecurityContextPersistenceFilter : Set SecurityContextHolder to empty SecurityContext
2023-11-10 15:21:44.022 DEBUG 21576 --- [o-auto-1-exec-9] o.s.s.w.a.AnonymousAuthenticationFilter  : Set SecurityContextHolder to anonymous SecurityContext
2023-11-10 15:21:44.022 DEBUG 21576 --- [o-auto-1-exec-9] o.s.s.w.a.i.FilterSecurityInterceptor    : Authorized filter invocation [POST /cliente/afiliacion/1234] with attributes [permitAll]
2023-11-10 15:21:44.022 DEBUG 21576 --- [o-auto-1-exec-9] o.s.security.web.FilterChainProxy        : Secured POST /cliente/afiliacion/1234
2023-11-10 15:21:44.022 DEBUG 21576 --- [o-auto-1-exec-9] w.c.HttpSessionSecurityContextRepository : Did not store anonymous SecurityContext
2023-11-10 15:21:44.038 DEBUG 21576 --- [o-auto-1-exec-9] w.c.HttpSessionSecurityContextRepository : Did not store anonymous SecurityContext
2023-11-10 15:21:44.038 DEBUG 21576 --- [o-auto-1-exec-9] s.s.w.c.SecurityContextPersistenceFilter : Cleared SecurityContextHolder to complete request
2023-11-10 15:21:44.038 DEBUG 21576 --- [o-auto-1-exec-4] o.s.security.web.FilterChainProxy        : Securing PUT /cliente/compra/puntos?cedulaCliente=1234&valorCompra=1000
2023-11-10 15:21:44.038 DEBUG 21576 --- [o-auto-1-exec-4] s.s.w.c.SecurityContextPersistenceFilter : Set SecurityContextHolder to empty SecurityContext
2023-11-10 15:21:44.038 DEBUG 21576 --- [o-auto-1-exec-4] o.s.s.w.a.AnonymousAuthenticationFilter  : Set SecurityContextHolder to anonymous SecurityContext
2023-11-10 15:21:44.038 DEBUG 21576 --- [o-auto-1-exec-4] o.s.s.w.a.i.FilterSecurityInterceptor    : Authorized filter invocation [PUT /cliente/compra/puntos?cedulaCliente=1234&valorCompra=1000] with attributes [permitAll]
2023-11-10 15:21:44.038 DEBUG 21576 --- [o-auto-1-exec-4] o.s.security.web.FilterChainProxy        : Secured PUT /cliente/compra/puntos?cedulaCliente=1234&valorCompra=1000
2023-11-10 15:21:44.054 DEBUG 21576 --- [o-auto-1-exec-4] w.c.HttpSessionSecurityContextRepository : Did not store anonymous SecurityContext
2023-11-10 15:21:44.054 DEBUG 21576 --- [o-auto-1-exec-4] w.c.HttpSessionSecurityContextRepository : Did not store anonymous SecurityContext
2023-11-10 15:21:44.054 DEBUG 21576 --- [o-auto-1-exec-4] s.s.w.c.SecurityContextPersistenceFilter : Cleared SecurityContextHolder to complete request
]]></system-out>
  <system-err><![CDATA[]]></system-err>
</testsuite>
