<?xml version="1.0" encoding="UTF-8"?>
<testsuite name="co.edu.unisabana.puntosUnisabana.integration.TransaccionControllerTest" tests="3" skipped="0" failures="0" errors="0" timestamp="2023-11-10T20:21:44" hostname="JUANGORU" time="0.541">
  <properties/>
  <testcase name="Dado_cliente_Cuando_existen2Transacciones_Entonces_todasLasTransacciones()" classname="co.edu.unisabana.puntosUnisabana.integration.TransaccionControllerTest" time="0.217"/>
  <testcase name="Dado_cliente_Cuando_existenTransacciones_Entonces_Transacciones()" classname="co.edu.unisabana.puntosUnisabana.integration.TransaccionControllerTest" time="0.186"/>
  <testcase name="Dado_cliente_Cuando_noExistenTransacciones_Entonces_Transacciones()" classname="co.edu.unisabana.puntosUnisabana.integration.TransaccionControllerTest" time="0.134"/>
  <system-out><![CDATA[2023-11-10 15:21:44.069  INFO 21576 --- [    Test worker] .b.t.c.SpringBootTestContextBootstrapper : Neither @ContextConfiguration nor @ContextHierarchy found for test class [co.edu.unisabana.puntosUnisabana.integration.TransaccionControllerTest], using SpringBootContextLoader
2023-11-10 15:21:44.069  INFO 21576 --- [    Test worker] o.s.t.c.support.AbstractContextLoader    : Could not detect default resource locations for test class [co.edu.unisabana.puntosUnisabana.integration.TransaccionControllerTest]: no resource found for suffixes {-context.xml, Context.groovy}.
2023-11-10 15:21:44.069  INFO 21576 --- [    Test worker] t.c.s.AnnotationConfigContextLoaderUtils : Could not detect default configuration classes for test class [co.edu.unisabana.puntosUnisabana.integration.TransaccionControllerTest]: TransaccionControllerTest does not declare any static, non-private, non-final, nested classes annotated with @Configuration.
2023-11-10 15:21:44.069  INFO 21576 --- [    Test worker] .b.t.c.SpringBootTestContextBootstrapper : Found @SpringBootConfiguration co.edu.unisabana.puntosUnisabana.PuntosUnisabanaApplication for test class co.edu.unisabana.puntosUnisabana.integration.TransaccionControllerTest
2023-11-10 15:21:44.069  INFO 21576 --- [    Test worker] .b.t.c.SpringBootTestContextBootstrapper : Loaded default TestExecutionListener class names from location [META-INF/spring.factories]: [org.springframework.boot.test.autoconfigure.restdocs.RestDocsTestExecutionListener, org.springframework.boot.test.autoconfigure.web.client.MockRestServiceServerResetTestExecutionListener, org.springframework.boot.test.autoconfigure.web.servlet.MockMvcPrintOnlyOnFailureTestExecutionListener, org.springframework.boot.test.autoconfigure.web.servlet.WebDriverTestExecutionListener, org.springframework.boot.test.autoconfigure.webservices.client.MockWebServiceServerTestExecutionListener, org.springframework.boot.test.mock.mockito.MockitoTestExecutionListener, org.springframework.boot.test.mock.mockito.ResetMocksTestExecutionListener, org.springframework.test.context.web.ServletTestExecutionListener, org.springframework.test.context.support.DirtiesContextBeforeModesTestExecutionListener, org.springframework.test.context.event.ApplicationEventsTestExecutionListener, org.springframework.test.context.support.DependencyInjectionTestExecutionListener, org.springframework.test.context.support.DirtiesContextTestExecutionListener, org.springframework.test.context.transaction.TransactionalTestExecutionListener, org.springframework.test.context.jdbc.SqlScriptsTestExecutionListener, org.springframework.test.context.event.EventPublishingTestExecutionListener]
2023-11-10 15:21:44.069  INFO 21576 --- [    Test worker] .b.t.c.SpringBootTestContextBootstrapper : Using TestExecutionListeners: [org.springframework.test.context.web.ServletTestExecutionListener@17bc5322, org.springframework.test.context.support.DirtiesContextBeforeModesTestExecutionListener@67d215a9, org.springframework.test.context.event.ApplicationEventsTestExecutionListener@6fe914c6, org.springframework.boot.test.mock.mockito.MockitoTestExecutionListener@24bb9348, org.springframework.boot.test.autoconfigure.SpringBootDependencyInjectionTestExecutionListener@51ebe1be, org.springframework.test.context.support.DirtiesContextTestExecutionListener@26e3d977, org.springframework.test.context.transaction.TransactionalTestExecutionListener@18ba649, org.springframework.test.context.jdbc.SqlScriptsTestExecutionListener@79d244e3, org.springframework.test.context.event.EventPublishingTestExecutionListener@77baac76, org.springframework.boot.test.autoconfigure.restdocs.RestDocsTestExecutionListener@4f2aeb97, org.springframework.boot.test.autoconfigure.web.client.MockRestServiceServerResetTestExecutionListener@134fa5d5, org.springframework.boot.test.autoconfigure.web.servlet.MockMvcPrintOnlyOnFailureTestExecutionListener@78d10e03, org.springframework.boot.test.autoconfigure.web.servlet.WebDriverTestExecutionListener@5aaac473, org.springframework.boot.test.autoconfigure.webservices.client.MockWebServiceServerTestExecutionListener@4244fae2, org.springframework.boot.test.mock.mockito.ResetMocksTestExecutionListener@2c4b9e72]
2023-11-10 15:21:44.085 DEBUG 21576 --- [o-auto-1-exec-3] o.s.security.web.FilterChainProxy        : Securing POST /cliente/agregar
2023-11-10 15:21:44.085 DEBUG 21576 --- [o-auto-1-exec-3] s.s.w.c.SecurityContextPersistenceFilter : Set SecurityContextHolder to empty SecurityContext
2023-11-10 15:21:44.085 DEBUG 21576 --- [o-auto-1-exec-3] o.s.s.w.a.AnonymousAuthenticationFilter  : Set SecurityContextHolder to anonymous SecurityContext
2023-11-10 15:21:44.085 DEBUG 21576 --- [o-auto-1-exec-3] o.s.s.w.a.i.FilterSecurityInterceptor    : Authorized filter invocation [POST /cliente/agregar] with attributes [permitAll]
2023-11-10 15:21:44.085 DEBUG 21576 --- [o-auto-1-exec-3] o.s.security.web.FilterChainProxy        : Secured POST /cliente/agregar
2023-11-10 15:21:44.085 DEBUG 21576 --- [o-auto-1-exec-3] w.c.HttpSessionSecurityContextRepository : Did not store anonymous SecurityContext
2023-11-10 15:21:44.085 DEBUG 21576 --- [o-auto-1-exec-3] w.c.HttpSessionSecurityContextRepository : Did not store anonymous SecurityContext
2023-11-10 15:21:44.085 DEBUG 21576 --- [o-auto-1-exec-3] s.s.w.c.SecurityContextPersistenceFilter : Cleared SecurityContextHolder to complete request
2023-11-10 15:21:44.101 DEBUG 21576 --- [o-auto-1-exec-7] o.s.security.web.FilterChainProxy        : Securing POST /cliente/afiliacion/155
2023-11-10 15:21:44.101 DEBUG 21576 --- [o-auto-1-exec-7] s.s.w.c.SecurityContextPersistenceFilter : Set SecurityContextHolder to empty SecurityContext
2023-11-10 15:21:44.101 DEBUG 21576 --- [o-auto-1-exec-7] o.s.s.w.a.AnonymousAuthenticationFilter  : Set SecurityContextHolder to anonymous SecurityContext
2023-11-10 15:21:44.101 DEBUG 21576 --- [o-auto-1-exec-7] o.s.s.w.a.i.FilterSecurityInterceptor    : Authorized filter invocation [POST /cliente/afiliacion/155] with attributes [permitAll]
2023-11-10 15:21:44.101 DEBUG 21576 --- [o-auto-1-exec-7] o.s.security.web.FilterChainProxy        : Secured POST /cliente/afiliacion/155
2023-11-10 15:21:44.116 DEBUG 21576 --- [o-auto-1-exec-7] w.c.HttpSessionSecurityContextRepository : Did not store anonymous SecurityContext
2023-11-10 15:21:44.116 DEBUG 21576 --- [o-auto-1-exec-7] w.c.HttpSessionSecurityContextRepository : Did not store anonymous SecurityContext
2023-11-10 15:21:44.116 DEBUG 21576 --- [o-auto-1-exec-7] s.s.w.c.SecurityContextPersistenceFilter : Cleared SecurityContextHolder to complete request
2023-11-10 15:21:44.116 DEBUG 21576 --- [o-auto-1-exec-8] o.s.security.web.FilterChainProxy        : Securing PUT /cliente/compra/puntos?cedulaCliente=155&valorCompra=10000
2023-11-10 15:21:44.116 DEBUG 21576 --- [o-auto-1-exec-8] s.s.w.c.SecurityContextPersistenceFilter : Set SecurityContextHolder to empty SecurityContext
2023-11-10 15:21:44.116 DEBUG 21576 --- [o-auto-1-exec-8] o.s.s.w.a.AnonymousAuthenticationFilter  : Set SecurityContextHolder to anonymous SecurityContext
2023-11-10 15:21:44.116 DEBUG 21576 --- [o-auto-1-exec-8] o.s.s.w.a.i.FilterSecurityInterceptor    : Authorized filter invocation [PUT /cliente/compra/puntos?cedulaCliente=155&valorCompra=10000] with attributes [permitAll]
2023-11-10 15:21:44.116 DEBUG 21576 --- [o-auto-1-exec-8] o.s.security.web.FilterChainProxy        : Secured PUT /cliente/compra/puntos?cedulaCliente=155&valorCompra=10000
2023-11-10 15:21:44.132 DEBUG 21576 --- [o-auto-1-exec-8] w.c.HttpSessionSecurityContextRepository : Did not store anonymous SecurityContext
2023-11-10 15:21:44.132 DEBUG 21576 --- [o-auto-1-exec-8] w.c.HttpSessionSecurityContextRepository : Did not store anonymous SecurityContext
2023-11-10 15:21:44.132 DEBUG 21576 --- [o-auto-1-exec-8] s.s.w.c.SecurityContextPersistenceFilter : Cleared SecurityContextHolder to complete request
2023-11-10 15:21:44.163 DEBUG 21576 --- [-auto-1-exec-10] o.s.security.web.FilterChainProxy        : Securing POST /beneficio/agregar
2023-11-10 15:21:44.163 DEBUG 21576 --- [-auto-1-exec-10] s.s.w.c.SecurityContextPersistenceFilter : Set SecurityContextHolder to empty SecurityContext
2023-11-10 15:21:44.163 DEBUG 21576 --- [-auto-1-exec-10] o.s.s.w.a.AnonymousAuthenticationFilter  : Set SecurityContextHolder to anonymous SecurityContext
2023-11-10 15:21:44.163 DEBUG 21576 --- [-auto-1-exec-10] o.s.s.w.a.i.FilterSecurityInterceptor    : Authorized filter invocation [POST /beneficio/agregar] with attributes [permitAll]
2023-11-10 15:21:44.163 DEBUG 21576 --- [-auto-1-exec-10] o.s.security.web.FilterChainProxy        : Secured POST /beneficio/agregar
2023-11-10 15:21:44.163 DEBUG 21576 --- [-auto-1-exec-10] w.c.HttpSessionSecurityContextRepository : Did not store anonymous SecurityContext
2023-11-10 15:21:44.163 DEBUG 21576 --- [-auto-1-exec-10] w.c.HttpSessionSecurityContextRepository : Did not store anonymous SecurityContext
2023-11-10 15:21:44.163 DEBUG 21576 --- [-auto-1-exec-10] s.s.w.c.SecurityContextPersistenceFilter : Cleared SecurityContextHolder to complete request
2023-11-10 15:21:44.163 DEBUG 21576 --- [o-auto-1-exec-2] o.s.security.web.FilterChainProxy        : Securing PUT /cliente/redimir?cedulaCliente=155&idBeneficio=1
2023-11-10 15:21:44.179 DEBUG 21576 --- [o-auto-1-exec-2] s.s.w.c.SecurityContextPersistenceFilter : Set SecurityContextHolder to empty SecurityContext
2023-11-10 15:21:44.179 DEBUG 21576 --- [o-auto-1-exec-2] o.s.s.w.a.AnonymousAuthenticationFilter  : Set SecurityContextHolder to anonymous SecurityContext
2023-11-10 15:21:44.179 DEBUG 21576 --- [o-auto-1-exec-2] o.s.s.w.a.i.FilterSecurityInterceptor    : Authorized filter invocation [PUT /cliente/redimir?cedulaCliente=155&idBeneficio=1] with attributes [permitAll]
2023-11-10 15:21:44.179 DEBUG 21576 --- [o-auto-1-exec-2] o.s.security.web.FilterChainProxy        : Secured PUT /cliente/redimir?cedulaCliente=155&idBeneficio=1
2023-11-10 15:21:44.194 DEBUG 21576 --- [o-auto-1-exec-2] w.c.HttpSessionSecurityContextRepository : Did not store anonymous SecurityContext
2023-11-10 15:21:44.210 DEBUG 21576 --- [o-auto-1-exec-2] w.c.HttpSessionSecurityContextRepository : Did not store anonymous SecurityContext
2023-11-10 15:21:44.210 DEBUG 21576 --- [o-auto-1-exec-2] s.s.w.c.SecurityContextPersistenceFilter : Cleared SecurityContextHolder to complete request
2023-11-10 15:21:44.210 DEBUG 21576 --- [o-auto-1-exec-1] o.s.security.web.FilterChainProxy        : Securing PUT /cliente/redimir?cedulaCliente=155&idBeneficio=1
2023-11-10 15:21:44.210 DEBUG 21576 --- [o-auto-1-exec-1] s.s.w.c.SecurityContextPersistenceFilter : Set SecurityContextHolder to empty SecurityContext
2023-11-10 15:21:44.210 DEBUG 21576 --- [o-auto-1-exec-1] o.s.s.w.a.AnonymousAuthenticationFilter  : Set SecurityContextHolder to anonymous SecurityContext
2023-11-10 15:21:44.210 DEBUG 21576 --- [o-auto-1-exec-1] o.s.s.w.a.i.FilterSecurityInterceptor    : Authorized filter invocation [PUT /cliente/redimir?cedulaCliente=155&idBeneficio=1] with attributes [permitAll]
2023-11-10 15:21:44.210 DEBUG 21576 --- [o-auto-1-exec-1] o.s.security.web.FilterChainProxy        : Secured PUT /cliente/redimir?cedulaCliente=155&idBeneficio=1
2023-11-10 15:21:44.241 DEBUG 21576 --- [o-auto-1-exec-1] w.c.HttpSessionSecurityContextRepository : Did not store anonymous SecurityContext
2023-11-10 15:21:44.241 DEBUG 21576 --- [o-auto-1-exec-1] w.c.HttpSessionSecurityContextRepository : Did not store anonymous SecurityContext
2023-11-10 15:21:44.241 DEBUG 21576 --- [o-auto-1-exec-1] s.s.w.c.SecurityContextPersistenceFilter : Cleared SecurityContextHolder to complete request
2023-11-10 15:21:44.241 DEBUG 21576 --- [o-auto-1-exec-6] o.s.security.web.FilterChainProxy        : Securing GET /transacciones
2023-11-10 15:21:44.257 DEBUG 21576 --- [o-auto-1-exec-6] s.s.w.c.SecurityContextPersistenceFilter : Set SecurityContextHolder to empty SecurityContext
2023-11-10 15:21:44.257 DEBUG 21576 --- [o-auto-1-exec-6] o.s.s.w.a.AnonymousAuthenticationFilter  : Set SecurityContextHolder to anonymous SecurityContext
2023-11-10 15:21:44.257 DEBUG 21576 --- [o-auto-1-exec-6] o.s.s.w.a.i.FilterSecurityInterceptor    : Authorized filter invocation [GET /transacciones] with attributes [permitAll]
2023-11-10 15:21:44.257 DEBUG 21576 --- [o-auto-1-exec-6] o.s.security.web.FilterChainProxy        : Secured GET /transacciones
2023-11-10 15:21:44.272 DEBUG 21576 --- [o-auto-1-exec-6] w.c.HttpSessionSecurityContextRepository : Did not store anonymous SecurityContext
2023-11-10 15:21:44.272 DEBUG 21576 --- [o-auto-1-exec-6] w.c.HttpSessionSecurityContextRepository : Did not store anonymous SecurityContext
2023-11-10 15:21:44.272 DEBUG 21576 --- [o-auto-1-exec-6] s.s.w.c.SecurityContextPersistenceFilter : Cleared SecurityContextHolder to complete request
2023-11-10 15:21:44.304 DEBUG 21576 --- [o-auto-1-exec-5] o.s.security.web.FilterChainProxy        : Securing POST /cliente/agregar
2023-11-10 15:21:44.304 DEBUG 21576 --- [o-auto-1-exec-5] s.s.w.c.SecurityContextPersistenceFilter : Set SecurityContextHolder to empty SecurityContext
2023-11-10 15:21:44.304 DEBUG 21576 --- [o-auto-1-exec-5] o.s.s.w.a.AnonymousAuthenticationFilter  : Set SecurityContextHolder to anonymous SecurityContext
2023-11-10 15:21:44.304 DEBUG 21576 --- [o-auto-1-exec-5] o.s.s.w.a.i.FilterSecurityInterceptor    : Authorized filter invocation [POST /cliente/agregar] with attributes [permitAll]
2023-11-10 15:21:44.304 DEBUG 21576 --- [o-auto-1-exec-5] o.s.security.web.FilterChainProxy        : Secured POST /cliente/agregar
2023-11-10 15:21:44.304 DEBUG 21576 --- [o-auto-1-exec-5] w.c.HttpSessionSecurityContextRepository : Did not store anonymous SecurityContext
2023-11-10 15:21:44.304 DEBUG 21576 --- [o-auto-1-exec-5] w.c.HttpSessionSecurityContextRepository : Did not store anonymous SecurityContext
2023-11-10 15:21:44.304 DEBUG 21576 --- [o-auto-1-exec-5] s.s.w.c.SecurityContextPersistenceFilter : Cleared SecurityContextHolder to complete request
2023-11-10 15:21:44.335 DEBUG 21576 --- [o-auto-1-exec-9] o.s.security.web.FilterChainProxy        : Securing POST /cliente/afiliacion/10
2023-11-10 15:21:44.335 DEBUG 21576 --- [o-auto-1-exec-9] s.s.w.c.SecurityContextPersistenceFilter : Set SecurityContextHolder to empty SecurityContext
2023-11-10 15:21:44.335 DEBUG 21576 --- [o-auto-1-exec-9] o.s.s.w.a.AnonymousAuthenticationFilter  : Set SecurityContextHolder to anonymous SecurityContext
2023-11-10 15:21:44.335 DEBUG 21576 --- [o-auto-1-exec-9] o.s.s.w.a.i.FilterSecurityInterceptor    : Authorized filter invocation [POST /cliente/afiliacion/10] with attributes [permitAll]
2023-11-10 15:21:44.335 DEBUG 21576 --- [o-auto-1-exec-9] o.s.security.web.FilterChainProxy        : Secured POST /cliente/afiliacion/10
2023-11-10 15:21:44.351 DEBUG 21576 --- [o-auto-1-exec-9] w.c.HttpSessionSecurityContextRepository : Did not store anonymous SecurityContext
2023-11-10 15:21:44.351 DEBUG 21576 --- [o-auto-1-exec-9] w.c.HttpSessionSecurityContextRepository : Did not store anonymous SecurityContext
2023-11-10 15:21:44.351 DEBUG 21576 --- [o-auto-1-exec-9] s.s.w.c.SecurityContextPersistenceFilter : Cleared SecurityContextHolder to complete request
2023-11-10 15:21:44.351 DEBUG 21576 --- [o-auto-1-exec-4] o.s.security.web.FilterChainProxy        : Securing PUT /cliente/compra/puntos?cedulaCliente=10&valorCompra=1000
2023-11-10 15:21:44.351 DEBUG 21576 --- [o-auto-1-exec-4] s.s.w.c.SecurityContextPersistenceFilter : Set SecurityContextHolder to empty SecurityContext
2023-11-10 15:21:44.351 DEBUG 21576 --- [o-auto-1-exec-4] o.s.s.w.a.AnonymousAuthenticationFilter  : Set SecurityContextHolder to anonymous SecurityContext
2023-11-10 15:21:44.351 DEBUG 21576 --- [o-auto-1-exec-4] o.s.s.w.a.i.FilterSecurityInterceptor    : Authorized filter invocation [PUT /cliente/compra/puntos?cedulaCliente=10&valorCompra=1000] with attributes [permitAll]
2023-11-10 15:21:44.351 DEBUG 21576 --- [o-auto-1-exec-4] o.s.security.web.FilterChainProxy        : Secured PUT /cliente/compra/puntos?cedulaCliente=10&valorCompra=1000
2023-11-10 15:21:44.382 DEBUG 21576 --- [o-auto-1-exec-4] w.c.HttpSessionSecurityContextRepository : Did not store anonymous SecurityContext
2023-11-10 15:21:44.382 DEBUG 21576 --- [o-auto-1-exec-4] w.c.HttpSessionSecurityContextRepository : Did not store anonymous SecurityContext
2023-11-10 15:21:44.382 DEBUG 21576 --- [o-auto-1-exec-4] s.s.w.c.SecurityContextPersistenceFilter : Cleared SecurityContextHolder to complete request
2023-11-10 15:21:44.397 DEBUG 21576 --- [o-auto-1-exec-3] o.s.security.web.FilterChainProxy        : Securing POST /beneficio/agregar
2023-11-10 15:21:44.397 DEBUG 21576 --- [o-auto-1-exec-3] s.s.w.c.SecurityContextPersistenceFilter : Set SecurityContextHolder to empty SecurityContext
2023-11-10 15:21:44.397 DEBUG 21576 --- [o-auto-1-exec-3] o.s.s.w.a.AnonymousAuthenticationFilter  : Set SecurityContextHolder to anonymous SecurityContext
2023-11-10 15:21:44.397 DEBUG 21576 --- [o-auto-1-exec-3] o.s.s.w.a.i.FilterSecurityInterceptor    : Authorized filter invocation [POST /beneficio/agregar] with attributes [permitAll]
2023-11-10 15:21:44.397 DEBUG 21576 --- [o-auto-1-exec-3] o.s.security.web.FilterChainProxy        : Secured POST /beneficio/agregar
2023-11-10 15:21:44.397 DEBUG 21576 --- [o-auto-1-exec-3] w.c.HttpSessionSecurityContextRepository : Did not store anonymous SecurityContext
2023-11-10 15:21:44.397 DEBUG 21576 --- [o-auto-1-exec-3] w.c.HttpSessionSecurityContextRepository : Did not store anonymous SecurityContext
2023-11-10 15:21:44.397 DEBUG 21576 --- [o-auto-1-exec-3] s.s.w.c.SecurityContextPersistenceFilter : Cleared SecurityContextHolder to complete request
2023-11-10 15:21:44.397 DEBUG 21576 --- [o-auto-1-exec-7] o.s.security.web.FilterChainProxy        : Securing PUT /cliente/redimir?cedulaCliente=10&idBeneficio=1
2023-11-10 15:21:44.397 DEBUG 21576 --- [o-auto-1-exec-7] s.s.w.c.SecurityContextPersistenceFilter : Set SecurityContextHolder to empty SecurityContext
2023-11-10 15:21:44.397 DEBUG 21576 --- [o-auto-1-exec-7] o.s.s.w.a.AnonymousAuthenticationFilter  : Set SecurityContextHolder to anonymous SecurityContext
2023-11-10 15:21:44.413 DEBUG 21576 --- [o-auto-1-exec-7] o.s.s.w.a.i.FilterSecurityInterceptor    : Authorized filter invocation [PUT /cliente/redimir?cedulaCliente=10&idBeneficio=1] with attributes [permitAll]
2023-11-10 15:21:44.413 DEBUG 21576 --- [o-auto-1-exec-7] o.s.security.web.FilterChainProxy        : Secured PUT /cliente/redimir?cedulaCliente=10&idBeneficio=1
2023-11-10 15:21:44.444 DEBUG 21576 --- [o-auto-1-exec-7] w.c.HttpSessionSecurityContextRepository : Did not store anonymous SecurityContext
2023-11-10 15:21:44.444 DEBUG 21576 --- [o-auto-1-exec-7] w.c.HttpSessionSecurityContextRepository : Did not store anonymous SecurityContext
2023-11-10 15:21:44.444 DEBUG 21576 --- [o-auto-1-exec-7] s.s.w.c.SecurityContextPersistenceFilter : Cleared SecurityContextHolder to complete request
2023-11-10 15:21:44.460 DEBUG 21576 --- [o-auto-1-exec-8] o.s.security.web.FilterChainProxy        : Securing GET /transacciones/clientes/buscar?cedula=10
2023-11-10 15:21:44.460 DEBUG 21576 --- [o-auto-1-exec-8] s.s.w.c.SecurityContextPersistenceFilter : Set SecurityContextHolder to empty SecurityContext
2023-11-10 15:21:44.460 DEBUG 21576 --- [o-auto-1-exec-8] o.s.s.w.a.AnonymousAuthenticationFilter  : Set SecurityContextHolder to anonymous SecurityContext
2023-11-10 15:21:44.460 DEBUG 21576 --- [o-auto-1-exec-8] o.s.s.w.a.i.FilterSecurityInterceptor    : Authorized filter invocation [GET /transacciones/clientes/buscar?cedula=10] with attributes [permitAll]
2023-11-10 15:21:44.460 DEBUG 21576 --- [o-auto-1-exec-8] o.s.security.web.FilterChainProxy        : Secured GET /transacciones/clientes/buscar?cedula=10
2023-11-10 15:21:44.476 DEBUG 21576 --- [o-auto-1-exec-8] w.c.HttpSessionSecurityContextRepository : Did not store anonymous SecurityContext
2023-11-10 15:21:44.476 DEBUG 21576 --- [o-auto-1-exec-8] w.c.HttpSessionSecurityContextRepository : Did not store anonymous SecurityContext
2023-11-10 15:21:44.476 DEBUG 21576 --- [o-auto-1-exec-8] s.s.w.c.SecurityContextPersistenceFilter : Cleared SecurityContextHolder to complete request
2023-11-10 15:21:44.507 DEBUG 21576 --- [-auto-1-exec-10] o.s.security.web.FilterChainProxy        : Securing POST /cliente/agregar
2023-11-10 15:21:44.507 DEBUG 21576 --- [-auto-1-exec-10] s.s.w.c.SecurityContextPersistenceFilter : Set SecurityContextHolder to empty SecurityContext
2023-11-10 15:21:44.507 DEBUG 21576 --- [-auto-1-exec-10] o.s.s.w.a.AnonymousAuthenticationFilter  : Set SecurityContextHolder to anonymous SecurityContext
2023-11-10 15:21:44.507 DEBUG 21576 --- [-auto-1-exec-10] o.s.s.w.a.i.FilterSecurityInterceptor    : Authorized filter invocation [POST /cliente/agregar] with attributes [permitAll]
2023-11-10 15:21:44.507 DEBUG 21576 --- [-auto-1-exec-10] o.s.security.web.FilterChainProxy        : Secured POST /cliente/agregar
2023-11-10 15:21:44.507 DEBUG 21576 --- [-auto-1-exec-10] w.c.HttpSessionSecurityContextRepository : Did not store anonymous SecurityContext
2023-11-10 15:21:44.507 DEBUG 21576 --- [-auto-1-exec-10] w.c.HttpSessionSecurityContextRepository : Did not store anonymous SecurityContext
2023-11-10 15:21:44.507 DEBUG 21576 --- [-auto-1-exec-10] s.s.w.c.SecurityContextPersistenceFilter : Cleared SecurityContextHolder to complete request
2023-11-10 15:21:44.522 DEBUG 21576 --- [o-auto-1-exec-2] o.s.security.web.FilterChainProxy        : Securing POST /cliente/afiliacion/16
2023-11-10 15:21:44.522 DEBUG 21576 --- [o-auto-1-exec-2] s.s.w.c.SecurityContextPersistenceFilter : Set SecurityContextHolder to empty SecurityContext
2023-11-10 15:21:44.522 DEBUG 21576 --- [o-auto-1-exec-2] o.s.s.w.a.AnonymousAuthenticationFilter  : Set SecurityContextHolder to anonymous SecurityContext
2023-11-10 15:21:44.522 DEBUG 21576 --- [o-auto-1-exec-2] o.s.s.w.a.i.FilterSecurityInterceptor    : Authorized filter invocation [POST /cliente/afiliacion/16] with attributes [permitAll]
2023-11-10 15:21:44.522 DEBUG 21576 --- [o-auto-1-exec-2] o.s.security.web.FilterChainProxy        : Secured POST /cliente/afiliacion/16
2023-11-10 15:21:44.538 DEBUG 21576 --- [o-auto-1-exec-2] w.c.HttpSessionSecurityContextRepository : Did not store anonymous SecurityContext
2023-11-10 15:21:44.538 DEBUG 21576 --- [o-auto-1-exec-2] w.c.HttpSessionSecurityContextRepository : Did not store anonymous SecurityContext
2023-11-10 15:21:44.538 DEBUG 21576 --- [o-auto-1-exec-2] s.s.w.c.SecurityContextPersistenceFilter : Cleared SecurityContextHolder to complete request
2023-11-10 15:21:44.538 DEBUG 21576 --- [o-auto-1-exec-1] o.s.security.web.FilterChainProxy        : Securing PUT /cliente/compra/puntos?cedulaCliente=16&valorCompra=1000
2023-11-10 15:21:44.538 DEBUG 21576 --- [o-auto-1-exec-1] s.s.w.c.SecurityContextPersistenceFilter : Set SecurityContextHolder to empty SecurityContext
2023-11-10 15:21:44.538 DEBUG 21576 --- [o-auto-1-exec-1] o.s.s.w.a.AnonymousAuthenticationFilter  : Set SecurityContextHolder to anonymous SecurityContext
2023-11-10 15:21:44.538 DEBUG 21576 --- [o-auto-1-exec-1] o.s.s.w.a.i.FilterSecurityInterceptor    : Authorized filter invocation [PUT /cliente/compra/puntos?cedulaCliente=16&valorCompra=1000] with attributes [permitAll]
2023-11-10 15:21:44.538 DEBUG 21576 --- [o-auto-1-exec-1] o.s.security.web.FilterChainProxy        : Secured PUT /cliente/compra/puntos?cedulaCliente=16&valorCompra=1000
2023-11-10 15:21:44.569 DEBUG 21576 --- [o-auto-1-exec-1] w.c.HttpSessionSecurityContextRepository : Did not store anonymous SecurityContext
2023-11-10 15:21:44.569 DEBUG 21576 --- [o-auto-1-exec-1] w.c.HttpSessionSecurityContextRepository : Did not store anonymous SecurityContext
2023-11-10 15:21:44.569 DEBUG 21576 --- [o-auto-1-exec-1] s.s.w.c.SecurityContextPersistenceFilter : Cleared SecurityContextHolder to complete request
2023-11-10 15:21:44.585 DEBUG 21576 --- [o-auto-1-exec-6] o.s.security.web.FilterChainProxy        : Securing POST /beneficio/agregar
2023-11-10 15:21:44.585 DEBUG 21576 --- [o-auto-1-exec-6] s.s.w.c.SecurityContextPersistenceFilter : Set SecurityContextHolder to empty SecurityContext
2023-11-10 15:21:44.585 DEBUG 21576 --- [o-auto-1-exec-6] o.s.s.w.a.AnonymousAuthenticationFilter  : Set SecurityContextHolder to anonymous SecurityContext
2023-11-10 15:21:44.585 DEBUG 21576 --- [o-auto-1-exec-6] o.s.s.w.a.i.FilterSecurityInterceptor    : Authorized filter invocation [POST /beneficio/agregar] with attributes [permitAll]
2023-11-10 15:21:44.585 DEBUG 21576 --- [o-auto-1-exec-6] o.s.security.web.FilterChainProxy        : Secured POST /beneficio/agregar
2023-11-10 15:21:44.585 DEBUG 21576 --- [o-auto-1-exec-6] w.c.HttpSessionSecurityContextRepository : Did not store anonymous SecurityContext
2023-11-10 15:21:44.585 DEBUG 21576 --- [o-auto-1-exec-6] w.c.HttpSessionSecurityContextRepository : Did not store anonymous SecurityContext
2023-11-10 15:21:44.585 DEBUG 21576 --- [o-auto-1-exec-6] s.s.w.c.SecurityContextPersistenceFilter : Cleared SecurityContextHolder to complete request
2023-11-10 15:21:44.585 DEBUG 21576 --- [o-auto-1-exec-5] o.s.security.web.FilterChainProxy        : Securing GET /transacciones/clientes/buscar?cedula=16
2023-11-10 15:21:44.601 DEBUG 21576 --- [o-auto-1-exec-5] s.s.w.c.SecurityContextPersistenceFilter : Set SecurityContextHolder to empty SecurityContext
2023-11-10 15:21:44.601 DEBUG 21576 --- [o-auto-1-exec-5] o.s.s.w.a.AnonymousAuthenticationFilter  : Set SecurityContextHolder to anonymous SecurityContext
2023-11-10 15:21:44.601 DEBUG 21576 --- [o-auto-1-exec-5] o.s.s.w.a.i.FilterSecurityInterceptor    : Authorized filter invocation [GET /transacciones/clientes/buscar?cedula=16] with attributes [permitAll]
2023-11-10 15:21:44.601 DEBUG 21576 --- [o-auto-1-exec-5] o.s.security.web.FilterChainProxy        : Secured GET /transacciones/clientes/buscar?cedula=16
2023-11-10 15:21:44.601 DEBUG 21576 --- [o-auto-1-exec-5] w.c.HttpSessionSecurityContextRepository : Did not store anonymous SecurityContext
2023-11-10 15:21:44.601 DEBUG 21576 --- [o-auto-1-exec-5] w.c.HttpSessionSecurityContextRepository : Did not store anonymous SecurityContext
2023-11-10 15:21:44.601 DEBUG 21576 --- [o-auto-1-exec-5] s.s.w.c.SecurityContextPersistenceFilter : Cleared SecurityContextHolder to complete request
]]></system-out>
  <system-err><![CDATA[]]></system-err>
</testsuite>
