<?xml version="1.0" encoding="UTF-8"?>
<testsuite name="co.edu.unisabana.puntosUnisabana.logic.BeneficioLogicaTest" tests="4" skipped="0" failures="0" errors="0" timestamp="2023-11-10T20:21:44" hostname="JUANGORU" time="0.532">
  <properties/>
  <testcase name="Dado_cliente_Entonces_mostrarPuntosBeneficio()" classname="co.edu.unisabana.puntosUnisabana.logic.BeneficioLogicaTest" time="0.513"/>
  <testcase name="Cuando_buscar_Entonces_mostrarListaBeneficios()" classname="co.edu.unisabana.puntosUnisabana.logic.BeneficioLogicaTest" time="0.005"/>
  <testcase name="Cuando_guardar_Entonces_guardarBeneficio()" classname="co.edu.unisabana.puntosUnisabana.logic.BeneficioLogicaTest" time="0.005"/>
  <testcase name="Dado_cliente_Entonces_buscarBeneficio()" classname="co.edu.unisabana.puntosUnisabana.logic.BeneficioLogicaTest" time="0.006"/>
  <system-out><![CDATA[]]></system-out>
  <system-err><![CDATA[]]></system-err>
</testsuite>
